"../../../Engine/Content/EditorResources/S_Actor.uasset" 0
"../../../Engine/Content/EditorResources/S_Actor.uexp" 1
"../../../Engine/Content/EditorResources/S_BoxReflectionCapture.uasset" 2
"../../../Engine/Content/EditorResources/S_BoxReflectionCapture.uexp" 3
"../../../Engine/Content/EngineResources/DefaultTexture.uasset" 4
"../../../Engine/Content/EngineResources/DefaultTexture.uexp" 5
"../../../Engine/Content/EngineResources/DefaultTextureCube.uasset" 6
"../../../Engine/Content/EngineResources/DefaultTextureCube.uexp" 7
"../../../Engine/Content/EngineResources/DefaultVolumeTexture2D.uasset" 8
"../../../Engine/Content/EngineResources/DefaultVolumeTexture2D.uexp" 9
"../../../Engine/Content/EngineResources/DefaultVolumeTexture.uasset" 10
"../../../Engine/Content/EngineResources/DefaultVolumeTexture.uexp" 11
"../../../Engine/Content/EditorResources/S_Trigger.uasset" 12
"../../../Engine/Content/EditorResources/S_Trigger.uexp" 13
"../../../Engine/Content/EditorResources/S_TriggerBox.uasset" 14
"../../../Engine/Content/EditorResources/S_TriggerBox.uexp" 15
"../../../Engine/Content/EditorResources/S_TriggerCapsule.uasset" 16
"../../../Engine/Content/EditorResources/S_TriggerCapsule.uexp" 17
"../../../Engine/Content/EditorResources/S_TriggerSphere.uasset" 18
"../../../Engine/Content/EditorResources/S_TriggerSphere.uexp" 19
"../../../Engine/Content/EngineMeshes/Sphere.uasset" 20
"../../../Engine/Content/EngineMeshes/Sphere.uexp" 21
"../../../Engine/Content/EngineResources/GradientTexture0.uasset" 22
"../../../Engine/Content/EngineResources/GradientTexture0.uexp" 23
"../../../Engine/Content/VREditor/LaserPointer/VR_LaserPower_01.uasset" 24
"../../../Engine/Content/VREditor/LaserPointer/VR_LaserPower_01.uexp" 25
"../../../Engine/Content/VREditor/TransformGizmo/TransformGizmoMaterial.uasset" 26
"../../../Engine/Content/VREditor/TransformGizmo/TransformGizmoMaterial.uexp" 27
"../../../Engine/Content/VREditor/TransformGizmo/TranslucentTransformGizmoMaterial.uasset" 28
"../../../Engine/Content/VREditor/TransformGizmo/TranslucentTransformGizmoMaterial.uexp" 29
"../../../Engine/Content/VREditor/TransformGizmo/PlaneTranslationHandle.uasset" 30
"../../../Engine/Content/VREditor/TransformGizmo/PlaneTranslationHandle.uexp" 31
"../../../Engine/Content/VREditor/TransformGizmo/BoundingBoxCorner.uasset" 32
"../../../Engine/Content/VREditor/TransformGizmo/BoundingBoxCorner.uexp" 33
"../../../Engine/Content/VREditor/TransformGizmo/BoundingBoxEdge.uasset" 34
"../../../Engine/Content/VREditor/TransformGizmo/BoundingBoxEdge.uexp" 35
"../../../Engine/Content/VREditor/TransformGizmo/Main.uasset" 36
"../../../Engine/Content/VREditor/TransformGizmo/Main.uexp" 37
"../../../Engine/Content/VREditor/TransformGizmo/Xray.uasset" 38
"../../../Engine/Content/VREditor/TransformGizmo/Xray.uexp" 39
"../../../Engine/Content/VREditor/TransformGizmo/SM_Sequencer_Node.uasset" 40
"../../../Engine/Content/VREditor/TransformGizmo/SM_Sequencer_Node.uexp" 41
"../../../Engine/Content/EditorMaterials/Camera/CineMat.uasset" 42
"../../../Engine/Content/EditorMaterials/Camera/CineMat.uexp" 43
"../../../Engine/Content/EditorMaterials/Camera/MI_CineMat_Rig.uasset" 44
"../../../Engine/Content/EditorMaterials/Camera/MI_CineMat_Rig.uexp" 45
"../../../Engine/Content/EditorMeshes/Camera/SM_CraneRig_Base.uasset" 46
"../../../Engine/Content/EditorMeshes/Camera/SM_CraneRig_Base.uexp" 47
"../../../Engine/Content/EditorMeshes/Camera/SM_CraneRig_Arm.uasset" 48
"../../../Engine/Content/EditorMeshes/Camera/SM_CraneRig_Arm.uexp" 49
"../../../Engine/Content/EditorMeshes/Camera/SM_CraneRig_Mount.uasset" 50
"../../../Engine/Content/EditorMeshes/Camera/SM_CraneRig_Mount.uexp" 51
"../../../Engine/Content/EditorMeshes/Camera/SM_CraneRig_Body.uasset" 52
"../../../Engine/Content/EditorMeshes/Camera/SM_CraneRig_Body.uexp" 53
"../../../Engine/Content/EditorMeshes/Camera/SM_RailRig_Track.uasset" 54
"../../../Engine/Content/EditorMeshes/Camera/SM_RailRig_Track.uexp" 55
"../../../Engine/Content/EditorMeshes/Camera/SM_RailRig_Mount.uasset" 56
"../../../Engine/Content/EditorMeshes/Camera/SM_RailRig_Mount.uexp" 57
"../../../Engine/Content/EngineMaterials/T_Default_Material_Grid_M.uasset" 58
"../../../Engine/Content/EngineMaterials/T_Default_Material_Grid_M.uexp" 59
"../../../Engine/Content/EngineMaterials/T_Default_Material_Grid_N.uasset" 60
"../../../Engine/Content/EngineMaterials/T_Default_Material_Grid_N.uexp" 61
"../../../Engine/Content/Functions/Engine_MaterialFunctions01/Opacity/CameraDepthFade.uasset" 62
"../../../Engine/Content/Functions/Engine_MaterialFunctions01/Opacity/CameraDepthFade.uexp" 63
"../../../Engine/Content/EngineMaterials/WorldGridMaterial.uasset" 64
"../../../Engine/Content/EngineMaterials/WorldGridMaterial.uexp" 65
"../../../Engine/Content/ArtTools/RenderToTexture/Meshes/S_1_Unit_Plane.uasset" 66
"../../../Engine/Content/ArtTools/RenderToTexture/Meshes/S_1_Unit_Plane.uexp" 67
"../../../Engine/Content/EditorMaterials/ParticleSystems/PSysThumbnail_NoImage.uasset" 68
"../../../Engine/Content/EditorMaterials/ParticleSystems/PSysThumbnail_NoImage.uexp" 69
"../../../Engine/Content/EditorMaterials/ParticleSystems/PSysThumbnail_OOD.uasset" 70
"../../../Engine/Content/EditorMaterials/ParticleSystems/PSysThumbnail_OOD.uexp" 71
"../../../Engine/Content/EditorLandscapeResources/SplineEditorMeshMat.uasset" 72
"../../../Engine/Content/EditorLandscapeResources/SplineEditorMeshMat.uexp" 73
"../../../Engine/Content/EditorLandscapeResources/SplineEditorMesh.uasset" 74
"../../../Engine/Content/EditorLandscapeResources/SplineEditorMesh.uexp" 75
"../../../Engine/Content/EditorResources/S_Solver.uasset" 76
"../../../Engine/Content/EditorResources/S_Solver.uexp" 77
"../../../Engine/Plugins/Experimental/Water/Content/Icons/WaterBodyExclusionVolumeSprite.uasset" 78
"../../../Engine/Plugins/Experimental/Water/Content/Icons/WaterBodyExclusionVolumeSprite.uexp" 79
"../../../Engine/Plugins/Experimental/Water/Content/Icons/WaterBodyIslandSprite.uasset" 80
"../../../Engine/Plugins/Experimental/Water/Content/Icons/WaterBodyIslandSprite.uexp" 81
"../../../Engine/Plugins/Experimental/Water/Content/Meshes/LakeMesh.uasset" 82
"../../../Engine/Plugins/Experimental/Water/Content/Meshes/LakeMesh.uexp" 83
"../../../Engine/Plugins/Experimental/Water/Content/Meshes/RiverMesh.uasset" 84
"../../../Engine/Plugins/Experimental/Water/Content/Meshes/RiverMesh.uexp" 85
"../../../Engine/Plugins/Experimental/Water/Content/Icons/WaterZoneActorSprite.uasset" 86
"../../../Engine/Plugins/Experimental/Water/Content/Icons/WaterZoneActorSprite.uexp" 87
"../../../Engine/Plugins/Media/MediaPlate/Content/SM_MediaPlateScreen.uasset" 88
"../../../Engine/Plugins/Media/MediaPlate/Content/SM_MediaPlateScreen.uexp" 89
"../../../Engine/Content/EngineMaterials/Good64x64TilingNoiseHighFreq.uasset" 90
"../../../Engine/Content/EngineMaterials/Good64x64TilingNoiseHighFreq.uexp" 91
"../../../Engine/Content/EngineMaterials/DefaultBokeh.uasset" 92
"../../../Engine/Content/EngineMaterials/DefaultBokeh.uexp" 93
"../../../Engine/Content/EngineMaterials/PreintegratedSkinBRDF.uasset" 94
"../../../Engine/Content/EngineMaterials/PreintegratedSkinBRDF.uexp" 95
"../../../Engine/Content/EngineMaterials/MiniFont.uasset" 96
"../../../Engine/Content/EngineMaterials/MiniFont.uexp" 97
"../../../Engine/Content/EngineMaterials/WeightMapPlaceholderTexture.uasset" 98
"../../../Engine/Content/EngineMaterials/WeightMapPlaceholderTexture.uexp" 99
"../../../Engine/Content/EngineMaterials/DefaultWhiteGrid.uasset" 100
"../../../Engine/Content/EngineMaterials/DefaultWhiteGrid.uexp" 101
"D:/ALLMYFAVORITES/Games/ChaserGame/Plugins/GameFeatures/Health/Content/Health.uasset" 102
"D:/ALLMYFAVORITES/Games/ChaserGame/Plugins/GameFeatures/Health/Content/Health.uexp" 103
"../../../Engine/Plugins/2D/Paper2D/Content/PlaceholderTextures/DummySpriteTexture.uasset" 104
"../../../Engine/Plugins/2D/Paper2D/Content/PlaceholderTextures/DummySpriteTexture.uexp" 105
"../../../Engine/Plugins/2D/Paper2D/Content/DefaultSpriteMaterial.uasset" 106
"../../../Engine/Plugins/2D/Paper2D/Content/DefaultSpriteMaterial.uexp" 107
"../../../Engine/Plugins/2D/Paper2D/Content/OpaqueUnlitSpriteMaterial.uasset" 108
"../../../Engine/Plugins/2D/Paper2D/Content/OpaqueUnlitSpriteMaterial.uexp" 109
"../../../Engine/Plugins/2D/Paper2D/Content/MaskedUnlitSpriteMaterial.uasset" 110
"../../../Engine/Plugins/2D/Paper2D/Content/MaskedUnlitSpriteMaterial.uexp" 111
"../../../Engine/Plugins/2D/Paper2D/Content/DummySprite.uasset" 112
"../../../Engine/Plugins/2D/Paper2D/Content/DummySprite.uexp" 113
"../../../Engine/Plugins/2D/Paper2D/Content/DefaultPaperTerrainMaterial.uasset" 114
"../../../Engine/Plugins/2D/Paper2D/Content/DefaultPaperTerrainMaterial.uexp" 115
"../../../Engine/Content/Functions/Engine_MaterialFunctions02/WorldPositionOffset/CameraOffset.uasset" 116
"../../../Engine/Content/Functions/Engine_MaterialFunctions02/WorldPositionOffset/CameraOffset.uexp" 117
"../../../Engine/Plugins/Animation/ControlRig/Content/M_Manip.uasset" 118
"../../../Engine/Plugins/Animation/ControlRig/Content/M_Manip.uexp" 119
"../../../Engine/Content/EditorResources/S_Terrain.uasset" 120
"../../../Engine/Content/EditorResources/S_Terrain.uexp" 121
"../../../Engine/Content/EngineResources/WhiteSquareTexture.uasset" 122
"../../../Engine/Content/EngineResources/WhiteSquareTexture.uexp" 123
"../../../Engine/Content/EngineMaterials/Widget3DPassThrough.uasset" 124
"../../../Engine/Content/EngineMaterials/Widget3DPassThrough.uexp" 125
"../../../Engine/Content/EngineMaterials/Widget3DPassThrough_Translucent.uasset" 126
"../../../Engine/Content/EngineMaterials/Widget3DPassThrough_Translucent.uexp" 127
"../../../Engine/Content/EngineMaterials/Widget3DPassThrough_Translucent_OneSided.uasset" 128
"../../../Engine/Content/EngineMaterials/Widget3DPassThrough_Translucent_OneSided.uexp" 129
"../../../Engine/Content/EngineMaterials/Widget3DPassThrough_Opaque.uasset" 130
"../../../Engine/Content/EngineMaterials/Widget3DPassThrough_Opaque.uexp" 131
"../../../Engine/Content/EngineMaterials/Widget3DPassThrough_Opaque_OneSided.uasset" 132
"../../../Engine/Content/EngineMaterials/Widget3DPassThrough_Opaque_OneSided.uexp" 133
"../../../Engine/Content/EngineMaterials/Widget3DPassThrough_Masked_OneSided.uasset" 134
"../../../Engine/Content/EngineMaterials/Widget3DPassThrough_Masked_OneSided.uexp" 135
"../../../Engine/Content/EngineMaterials/Widget3DPassThrough_Masked.uasset" 136
"../../../Engine/Content/EngineMaterials/Widget3DPassThrough_Masked.uexp" 137
"../../../Engine/Plugins/Animation/ControlRig/Content/Controls/DefaultGizmoLibraryNormalized.uasset" 138
"../../../Engine/Plugins/Animation/ControlRig/Content/Controls/DefaultGizmoLibraryNormalized.uexp" 139
"../../../Engine/Plugins/Animation/ControlRig/Content/Controls/ControlRig_Wedge_solid.uasset" 140
"../../../Engine/Plugins/Animation/ControlRig/Content/Controls/ControlRig_Wedge_solid.uexp" 141
"../../../Engine/Plugins/Animation/ControlRig/Content/Controls/ControlRig_Wedge_3mm.uasset" 142
"../../../Engine/Plugins/Animation/ControlRig/Content/Controls/ControlRig_Wedge_3mm.uexp" 143
"../../../Engine/Plugins/Animation/ControlRig/Content/Controls/ControlRig_Wedge_1mm.uasset" 144
"../../../Engine/Plugins/Animation/ControlRig/Content/Controls/ControlRig_Wedge_1mm.uexp" 145
"../../../Engine/Plugins/Animation/ControlRig/Content/Controls/ControlRig_Triangle_solid.uasset" 146
"../../../Engine/Plugins/Animation/ControlRig/Content/Controls/ControlRig_Triangle_solid.uexp" 147
"../../../Engine/Plugins/Animation/ControlRig/Content/Controls/ControlRig_Triangle_3mm.uasset" 148
"../../../Engine/Plugins/Animation/ControlRig/Content/Controls/ControlRig_Triangle_3mm.uexp" 149
"../../../Engine/Plugins/Animation/ControlRig/Content/Controls/ControlRig_Triangle_1mm.uasset" 150
"../../../Engine/Plugins/Animation/ControlRig/Content/Controls/ControlRig_Triangle_1mm.uexp" 151
"../../../Engine/Plugins/Animation/ControlRig/Content/Controls/ControlRig_Star4_solid.uasset" 152
"../../../Engine/Plugins/Animation/ControlRig/Content/Controls/ControlRig_Star4_solid.uexp" 153
"../../../Engine/Plugins/Animation/ControlRig/Content/Controls/ControlRig_Star4_3mm.uasset" 154
"../../../Engine/Plugins/Animation/ControlRig/Content/Controls/ControlRig_Star4_3mm.uexp" 155
"../../../Engine/Plugins/Animation/ControlRig/Content/Controls/ControlRig_Star4_1mm.uasset" 156
"../../../Engine/Plugins/Animation/ControlRig/Content/Controls/ControlRig_Star4_1mm.uexp" 157
"../../../Engine/Plugins/Animation/ControlRig/Content/Controls/ControlRig_Square_solid.uasset" 158
"../../../Engine/Plugins/Animation/ControlRig/Content/Controls/ControlRig_Square_solid.uexp" 159
"../../../Engine/Plugins/Runtime/MeshModelingToolset/Content/Materials/M_DynamicMeshComponentVtxColor.uasset" 160
"../../../Engine/Plugins/Runtime/MeshModelingToolset/Content/Materials/M_DynamicMeshComponentVtxColor.uexp" 161
"../../../Engine/Plugins/Interchange/Runtime/Content/Pipelines/DefaultTexturePipeline.uasset" 162
"../../../Engine/Plugins/Interchange/Runtime/Content/Pipelines/DefaultTexturePipeline.uexp" 163
"../../../Engine/Plugins/Interchange/Runtime/Content/Pipelines/DefaultSceneLevelPipeline.uasset" 164
"../../../Engine/Plugins/Interchange/Runtime/Content/Pipelines/DefaultSceneLevelPipeline.uexp" 165
"../../../Engine/Plugins/Interchange/Runtime/Content/Pipelines/DefaultSceneAssetsPipeline.uasset" 166
"../../../Engine/Plugins/Interchange/Runtime/Content/Pipelines/DefaultSceneAssetsPipeline.uexp" 167
"../../../Engine/Plugins/Interchange/Runtime/Content/Pipelines/DefaultMaterialPipeline.uasset" 168
"../../../Engine/Plugins/Interchange/Runtime/Content/Pipelines/DefaultMaterialPipeline.uexp" 169
"../../../Engine/Plugins/Interchange/Runtime/Content/Pipelines/DefaultAssetsPipeline.uasset" 170
"../../../Engine/Plugins/Interchange/Runtime/Content/Pipelines/DefaultAssetsPipeline.uexp" 171
"../../../Engine/Plugins/Experimental/Water/Content/Waves/GerstnerWaves_Ocean.uasset" 172
"../../../Engine/Plugins/Experimental/Water/Content/Waves/GerstnerWaves_Ocean.uexp" 173
"../../../Engine/Plugins/Experimental/Water/Content/Waves/GerstnerWaves_Lake.uasset" 174
"../../../Engine/Plugins/Experimental/Water/Content/Waves/GerstnerWaves_Lake.uexp" 175
"../../../Engine/Plugins/Experimental/Water/Content/Icons/WaterSprite.uasset" 176
"../../../Engine/Plugins/Experimental/Water/Content/Icons/WaterSprite.uexp" 177
"../../../Engine/Plugins/Experimental/Water/Content/Icons/WaterLandscapeBrushSprite.uasset" 178
"../../../Engine/Plugins/Experimental/Water/Content/Icons/WaterLandscapeBrushSprite.uexp" 179
"../../../Engine/Plugins/Experimental/Water/Content/Icons/WaterErrorSprite.uasset" 180
"../../../Engine/Plugins/Experimental/Water/Content/Icons/WaterErrorSprite.uexp" 181
"../../../Engine/Plugins/Experimental/Water/Content/Curves/FloatCurve_WaterBodyIsland.uasset" 182
"../../../Engine/Plugins/Experimental/Water/Content/Curves/FloatCurve_WaterBodyIsland.uexp" 183
"../../../Engine/Plugins/Experimental/Water/Content/Curves/FloatCurve.uasset" 184
"../../../Engine/Plugins/Experimental/Water/Content/Curves/FloatCurve.uexp" 185
"../../../Engine/Plugins/Editor/SpeedTreeImporter/Content/SpeedTree9/game_wind_noise.uasset" 186
"../../../Engine/Plugins/Editor/SpeedTreeImporter/Content/SpeedTree9/game_wind_noise.uexp" 187
"../../../Engine/Plugins/Editor/SpeedTreeImporter/Content/SpeedTree9/UnpackDirection.uasset" 188
"../../../Engine/Plugins/Editor/SpeedTreeImporter/Content/SpeedTree9/UnpackDirection.uexp" 189
"../../../Engine/Content/Functions/Engine_MaterialFunctions02/ObjectLocalBounds.uasset" 190
"../../../Engine/Content/Functions/Engine_MaterialFunctions02/ObjectLocalBounds.uexp" 191
"../../../Engine/Content/Functions/Engine_MaterialFunctions02/Utility/BreakOutFloat3Components.uasset" 192
"../../../Engine/Content/Functions/Engine_MaterialFunctions02/Utility/BreakOutFloat3Components.uexp" 193
"../../../Engine/Content/Functions/Engine_MaterialFunctions02/UVs/BoundingBoxBased_0-1_UVW.uasset" 194
"../../../Engine/Content/Functions/Engine_MaterialFunctions02/UVs/BoundingBoxBased_0-1_UVW.uexp" 195
"../../../Engine/Content/Functions/Engine_MaterialFunctions02/Utility/VectorLength.uasset" 196
"../../../Engine/Content/Functions/Engine_MaterialFunctions02/Utility/VectorLength.uexp" 197
"../../../Engine/Plugins/Editor/SpeedTreeImporter/Content/SpeedTree9/UnpackInteger3.uasset" 198
"../../../Engine/Plugins/Editor/SpeedTreeImporter/Content/SpeedTree9/UnpackInteger3.uexp" 199
"../../../Engine/Plugins/Editor/SpeedTreeImporter/Content/SpeedTree9/SpeedTreeCameraFacing.uasset" 200
"../../../Engine/Plugins/Editor/SpeedTreeImporter/Content/SpeedTree9/SpeedTreeCameraFacing.uexp" 201
"../../../Engine/Content/Functions/Engine_MaterialFunctions02/WorldPositionOffset/ObjectScale.uasset" 202
"../../../Engine/Content/Functions/Engine_MaterialFunctions02/WorldPositionOffset/ObjectScale.uexp" 203
"../../../Engine/Content/Functions/Engine_MaterialFunctions02/SafeNormalize.uasset" 204
"../../../Engine/Content/Functions/Engine_MaterialFunctions02/SafeNormalize.uexp" 205
"../../../Engine/Plugins/Editor/SpeedTreeImporter/Content/SpeedTree9/SpeedTreeWindMotion.uasset" 206
"../../../Engine/Plugins/Editor/SpeedTreeImporter/Content/SpeedTree9/SpeedTreeWindMotion.uexp" 207
"../../../Engine/Plugins/Editor/SpeedTreeImporter/Content/SpeedTree9/SpeedTreeBranchMotion.uasset" 208
"../../../Engine/Plugins/Editor/SpeedTreeImporter/Content/SpeedTree9/SpeedTreeBranchMotion.uexp" 209
"../../../Engine/Plugins/Editor/SpeedTreeImporter/Content/SpeedTree9/SpeedTreeWind.uasset" 210
"../../../Engine/Plugins/Editor/SpeedTreeImporter/Content/SpeedTree9/SpeedTreeWind.uexp" 211
"../../../Engine/Plugins/Editor/SpeedTreeImporter/Content/SpeedTree9/EmptyNormal.uasset" 212
"../../../Engine/Plugins/Editor/SpeedTreeImporter/Content/SpeedTree9/EmptyNormal.uexp" 213
"../../../Engine/Plugins/Editor/SpeedTreeImporter/Content/SpeedTree9/Empty.uasset" 214
"../../../Engine/Plugins/Editor/SpeedTreeImporter/Content/SpeedTree9/Empty.uexp" 215
"../../../Engine/Plugins/Editor/SpeedTreeImporter/Content/SpeedTree9/SpeedTreeMaster.uasset" 216
"../../../Engine/Plugins/Editor/SpeedTreeImporter/Content/SpeedTree9/SpeedTreeMaster.uexp" 217
"../../../Engine/Plugins/Editor/SpeedTreeImporter/Content/SpeedTree9/SpeedTreeBillboard.uasset" 218
"../../../Engine/Plugins/Editor/SpeedTreeImporter/Content/SpeedTree9/SpeedTreeBillboard.uexp" 219
"../../../Engine/Plugins/Editor/SpeedTreeImporter/Content/SpeedTree9/SpeedTreeBillboardMaster.uasset" 220
"../../../Engine/Plugins/Editor/SpeedTreeImporter/Content/SpeedTree9/SpeedTreeBillboardMaster.uexp" 221
"../../../Engine/Plugins/Animation/ControlRig/Content/Controls/ControlRig_Square_3mm.uasset" 222
"../../../Engine/Plugins/Animation/ControlRig/Content/Controls/ControlRig_Square_3mm.uexp" 223
"../../../Engine/Plugins/Animation/ControlRig/Content/Controls/ControlRig_Square_1mm.uasset" 224
"../../../Engine/Plugins/Animation/ControlRig/Content/Controls/ControlRig_Square_1mm.uexp" 225
"../../../Engine/Plugins/Animation/ControlRig/Content/Controls/ControlRig_Sphere_solid.uasset" 226
"../../../Engine/Plugins/Animation/ControlRig/Content/Controls/ControlRig_Sphere_solid.uexp" 227
"../../../Engine/Plugins/Animation/ControlRig/Content/Controls/ControlRig_Sphere_3mm.uasset" 228
"../../../Engine/Plugins/Animation/ControlRig/Content/Controls/ControlRig_Sphere_3mm.uexp" 229
"../../../Engine/Plugins/Animation/ControlRig/Content/Controls/ControlRig_Sphere_1mm.uasset" 230
"../../../Engine/Plugins/Animation/ControlRig/Content/Controls/ControlRig_Sphere_1mm.uexp" 231
"../../../Engine/Plugins/Animation/ControlRig/Content/Controls/ControlRig_RoundedTriangle_solid.uasset" 232
"../../../Engine/Plugins/Animation/ControlRig/Content/Controls/ControlRig_RoundedTriangle_solid.uexp" 233
"../../../Engine/Plugins/Animation/ControlRig/Content/Controls/ControlRig_RoundedTriangle_3mm.uasset" 234
"../../../Engine/Plugins/Animation/ControlRig/Content/Controls/ControlRig_RoundedTriangle_3mm.uexp" 235
"../../../Engine/Plugins/Animation/ControlRig/Content/Controls/ControlRig_RoundedTriangle_1mm.uasset" 236
"../../../Engine/Plugins/Animation/ControlRig/Content/Controls/ControlRig_RoundedTriangle_1mm.uexp" 237
"../../../Engine/Plugins/Animation/ControlRig/Content/Controls/ControlRig_RoundedSquare_solid.uasset" 238
"../../../Engine/Plugins/Animation/ControlRig/Content/Controls/ControlRig_RoundedSquare_solid.uexp" 239
"../../../Engine/Plugins/Animation/ControlRig/Content/Controls/ControlRig_RoundedSquare_3mm.uasset" 240
"../../../Engine/Plugins/Animation/ControlRig/Content/Controls/ControlRig_RoundedSquare_3mm.uexp" 241
"../../../Engine/Plugins/Animation/ControlRig/Content/Controls/ControlRig_RoundedSquare_1mm.uasset" 242
"../../../Engine/Plugins/Animation/ControlRig/Content/Controls/ControlRig_RoundedSquare_1mm.uexp" 243
"../../../Engine/Plugins/Animation/ControlRig/Content/Controls/ControlRig_QuarterCircle_solid.uasset" 244
"../../../Engine/Plugins/Animation/ControlRig/Content/Controls/ControlRig_QuarterCircle_solid.uexp" 245
"../../../Engine/Plugins/Animation/ControlRig/Content/Controls/ControlRig_QuarterCircle_3mm.uasset" 246
"../../../Engine/Plugins/Animation/ControlRig/Content/Controls/ControlRig_QuarterCircle_3mm.uexp" 247
"../../../Engine/Plugins/Animation/ControlRig/Content/Controls/ControlRig_QuarterCircle_1mm.uasset" 248
"../../../Engine/Plugins/Animation/ControlRig/Content/Controls/ControlRig_QuarterCircle_1mm.uexp" 249
"../../../Engine/Plugins/Animation/ControlRig/Content/Controls/ControlRig_Pyramid_solid.uasset" 250
"../../../Engine/Plugins/Animation/ControlRig/Content/Controls/ControlRig_Pyramid_solid.uexp" 251
"../../../Engine/Plugins/Animation/ControlRig/Content/Controls/ControlRig_Pyramid_3mm.uasset" 252
"../../../Engine/Plugins/Animation/ControlRig/Content/Controls/ControlRig_Pyramid_3mm.uexp" 253
"../../../Engine/Plugins/Animation/ControlRig/Content/Controls/ControlRig_Pyramid_1mm.uasset" 254
"../../../Engine/Plugins/Animation/ControlRig/Content/Controls/ControlRig_Pyramid_1mm.uexp" 255
"../../../Engine/Plugins/Animation/ControlRig/Content/Controls/ControlRig_Octagon_solid.uasset" 256
"../../../Engine/Plugins/Animation/ControlRig/Content/Controls/ControlRig_Octagon_solid.uexp" 257
"../../../Engine/Plugins/Animation/ControlRig/Content/Controls/ControlRig_Octagon_3mm.uasset" 258
"../../../Engine/Plugins/Animation/ControlRig/Content/Controls/ControlRig_Octagon_3mm.uexp" 259
"../../../Engine/Plugins/Animation/ControlRig/Content/Controls/ControlRig_Octagon_1mm.uasset" 260
"../../../Engine/Plugins/Animation/ControlRig/Content/Controls/ControlRig_Octagon_1mm.uexp" 261
"../../../Engine/Plugins/Animation/ControlRig/Content/Controls/ControlRig_Hexagon_solid.uasset" 262
"../../../Engine/Plugins/Animation/ControlRig/Content/Controls/ControlRig_Hexagon_solid.uexp" 263
"../../../Engine/Plugins/Animation/ControlRig/Content/Controls/ControlRig_Hexagon_3mm.uasset" 264
"../../../Engine/Plugins/Animation/ControlRig/Content/Controls/ControlRig_Hexagon_3mm.uexp" 265
"../../../Engine/Plugins/Animation/ControlRig/Content/Controls/ControlRig_Hexagon_1mm.uasset" 266
"../../../Engine/Plugins/Animation/ControlRig/Content/Controls/ControlRig_Hexagon_1mm.uexp" 267
"../../../Engine/Plugins/Animation/ControlRig/Content/Controls/ControlRig_HalfCircle_solid.uasset" 268
"../../../Engine/Plugins/Animation/ControlRig/Content/Controls/ControlRig_HalfCircle_solid.uexp" 269
"../../../Engine/Plugins/Animation/ControlRig/Content/Controls/ControlRig_HalfCircle_3mm.uasset" 270
"../../../Engine/Plugins/Animation/ControlRig/Content/Controls/ControlRig_HalfCircle_3mm.uexp" 271
"../../../Engine/Plugins/Animation/ControlRig/Content/Controls/ControlRig_HalfCircle_1mm.uasset" 272
"../../../Engine/Plugins/Animation/ControlRig/Content/Controls/ControlRig_HalfCircle_1mm.uexp" 273
"../../../Engine/Plugins/Animation/ControlRig/Content/Controls/ControlRig_Diamond_solid.uasset" 274
"../../../Engine/Plugins/Animation/ControlRig/Content/Controls/ControlRig_Diamond_solid.uexp" 275
"../../../Engine/Plugins/Animation/ControlRig/Content/Controls/ControlRig_Diamond_3mm.uasset" 276
"../../../Engine/Plugins/Animation/ControlRig/Content/Controls/ControlRig_Diamond_3mm.uexp" 277
"../../../Engine/Plugins/Animation/ControlRig/Content/Controls/ControlRig_Diamond_1mm.uasset" 278
"../../../Engine/Plugins/Animation/ControlRig/Content/Controls/ControlRig_Diamond_1mm.uexp" 279
"../../../Engine/Plugins/Animation/ControlRig/Content/Controls/ControlRig_Circle_solid.uasset" 280
"../../../Engine/Plugins/Animation/ControlRig/Content/Controls/ControlRig_Circle_solid.uexp" 281
"../../../Engine/Plugins/Animation/ControlRig/Content/Controls/ControlRig_Circle_3mm.uasset" 282
"../../../Engine/Plugins/Animation/ControlRig/Content/Controls/ControlRig_Circle_3mm.uexp" 283
"../../../Engine/Plugins/Animation/ControlRig/Content/Controls/ControlRig_Circle_1mm.uasset" 284
"../../../Engine/Plugins/Animation/ControlRig/Content/Controls/ControlRig_Circle_1mm.uexp" 285
"../../../Engine/Plugins/Animation/ControlRig/Content/Controls/ControlRig_Box_solid.uasset" 286
"../../../Engine/Plugins/Animation/ControlRig/Content/Controls/ControlRig_Box_solid.uexp" 287
"../../../Engine/Plugins/Animation/ControlRig/Content/Controls/ControlRig_Box_3mm.uasset" 288
"../../../Engine/Plugins/Animation/ControlRig/Content/Controls/ControlRig_Box_3mm.uexp" 289
"../../../Engine/Plugins/Animation/ControlRig/Content/Controls/ControlRig_Box_1mm.uasset" 290
"../../../Engine/Plugins/Animation/ControlRig/Content/Controls/ControlRig_Box_1mm.uexp" 291
"../../../Engine/Plugins/Animation/ControlRig/Content/Controls/ControlRig_Arrow_solid.uasset" 292
"../../../Engine/Plugins/Animation/ControlRig/Content/Controls/ControlRig_Arrow_solid.uexp" 293
"../../../Engine/Plugins/Animation/ControlRig/Content/Controls/ControlRig_Arrow_3mm.uasset" 294
"../../../Engine/Plugins/Animation/ControlRig/Content/Controls/ControlRig_Arrow_3mm.uexp" 295
"../../../Engine/Plugins/Animation/ControlRig/Content/Controls/ControlRig_Arrow_1mm.uasset" 296
"../../../Engine/Plugins/Animation/ControlRig/Content/Controls/ControlRig_Arrow_1mm.uexp" 297
"../../../Engine/Plugins/Animation/ControlRig/Content/Controls/ControlRig_Arrow4_solid.uasset" 298
"../../../Engine/Plugins/Animation/ControlRig/Content/Controls/ControlRig_Arrow4_solid.uexp" 299
"../../../Engine/Plugins/Animation/ControlRig/Content/Controls/ControlRig_Arrow4_3mm.uasset" 300
"../../../Engine/Plugins/Animation/ControlRig/Content/Controls/ControlRig_Arrow4_3mm.uexp" 301
"../../../Engine/Plugins/Animation/ControlRig/Content/Controls/ControlRig_Arrow4_1mm.uasset" 302
"../../../Engine/Plugins/Animation/ControlRig/Content/Controls/ControlRig_Arrow4_1mm.uexp" 303
"../../../Engine/Plugins/Animation/ControlRig/Content/Controls/ControlRig_Arrow2_solid.uasset" 304
"../../../Engine/Plugins/Animation/ControlRig/Content/Controls/ControlRig_Arrow2_solid.uexp" 305
"../../../Engine/Plugins/Animation/ControlRig/Content/Controls/ControlRig_Arrow2_3mm.uasset" 306
"../../../Engine/Plugins/Animation/ControlRig/Content/Controls/ControlRig_Arrow2_3mm.uexp" 307
"../../../Engine/Plugins/Animation/ControlRig/Content/Controls/ControlRig_Arrow2_1mm.uasset" 308
"../../../Engine/Plugins/Animation/ControlRig/Content/Controls/ControlRig_Arrow2_1mm.uexp" 309
"../../../Engine/Plugins/Animation/ControlRig/Content/Controls/ControlRigXRayMaterial.uasset" 310
"../../../Engine/Plugins/Animation/ControlRig/Content/Controls/ControlRigXRayMaterial.uexp" 311
"../../../Engine/Plugins/Animation/ControlRig/Content/Controls/ControlRigGizmoMaterial.uasset" 312
"../../../Engine/Plugins/Animation/ControlRig/Content/Controls/ControlRigGizmoMaterial.uexp" 313
"../../../Engine/Content/EngineSounds/Master.uasset" 314
"../../../Engine/Content/EngineSounds/Master.uexp" 315
"../../../Engine/Content/EngineMaterials/STBlueNoise_vec2_128x128x64.uasset" 316
"../../../Engine/Content/EngineMaterials/STBlueNoise_vec2_128x128x64.uexp" 317
"../../../Engine/Content/EngineMaterials/STBlueNoise_scalar_128x128x64.uasset" 318
"../../../Engine/Content/EngineMaterials/STBlueNoise_scalar_128x128x64.uexp" 319
"../../../Engine/Content/EngineMaterials/RemoveSurfaceMaterial.uasset" 320
"../../../Engine/Content/EngineMaterials/RemoveSurfaceMaterial.uexp" 321
"../../../Engine/Content/EngineMaterials/DefaultCalibrationGrayscale.uasset" 322
"../../../Engine/Content/EngineMaterials/DefaultCalibrationGrayscale.uexp" 323
"../../../Engine/Content/EngineMaterials/PPM_DefaultCalibrationGrayscale.uasset" 324
"../../../Engine/Content/EngineMaterials/PPM_DefaultCalibrationGrayscale.uexp" 325
"../../../Engine/Content/EngineMaterials/DefaultCalibrationColor.uasset" 326
"../../../Engine/Content/EngineMaterials/DefaultCalibrationColor.uexp" 327
"../../../Engine/Content/EngineMaterials/PPM_DefaultCalibrationColor.uasset" 328
"../../../Engine/Content/EngineMaterials/PPM_DefaultCalibrationColor.uexp" 329
"../../../Engine/Content/EngineMaterials/PhAT_JointLimitMaterial.uasset" 330
"../../../Engine/Content/EngineMaterials/PhAT_JointLimitMaterial.uexp" 331
"../../../Engine/Content/EngineMaterials/NaniteHiddenSectionMaterial.uasset" 332
"../../../Engine/Content/EngineMaterials/NaniteHiddenSectionMaterial.uexp" 333
"../../../Engine/Content/EngineMaterials/InvalidLightmapSettings.uasset" 334
"../../../Engine/Content/EngineMaterials/InvalidLightmapSettings.uexp" 335
"../../../Engine/Content/EngineMaterials/M_InvalidLightmapSettings.uasset" 336
"../../../Engine/Content/EngineMaterials/M_InvalidLightmapSettings.uexp" 337
"../../../Engine/Content/EngineMaterials/GizmoMaterial.uasset" 338
"../../../Engine/Content/EngineMaterials/GizmoMaterial.uexp" 339
"../../../Engine/Content/EngineMaterials/BaseFlattenEmissiveMap_VT.uasset" 340
"../../../Engine/Content/EngineMaterials/BaseFlattenEmissiveMap_VT.uexp" 341
"../../../Engine/Content/EngineMaterials/BaseFlattenGrayscaleMap_VT.uasset" 342
"../../../Engine/Content/EngineMaterials/BaseFlattenGrayscaleMap_VT.uexp" 343
"../../../Engine/Content/EngineMaterials/BaseFlattenLinearColor_VT.uasset" 344
"../../../Engine/Content/EngineMaterials/BaseFlattenLinearColor_VT.uexp" 345
"../../../Engine/Content/EngineMaterials/Black_1x1_EXR_Texture_VT.uasset" 346
"../../../Engine/Content/EngineMaterials/Black_1x1_EXR_Texture_VT.uexp" 347
"../../../Engine/Content/EngineMaterials/BaseFlattenDiffuseMap_VT.uasset" 348
"../../../Engine/Content/EngineMaterials/BaseFlattenDiffuseMap_VT.uexp" 349
"../../../Engine/Content/EngineMaterials/BaseFlattenNormalMap_VT.uasset" 350
"../../../Engine/Content/EngineMaterials/BaseFlattenNormalMap_VT.uexp" 351
"../../../Engine/Content/EngineMaterials/FlattenMaterial_WS_Normal_VT.uasset" 352
"../../../Engine/Content/EngineMaterials/FlattenMaterial_WS_Normal_VT.uexp" 353
"../../../Engine/Content/EngineMaterials/FlattenMaterial_VT.uasset" 354
"../../../Engine/Content/EngineMaterials/FlattenMaterial_VT.uexp" 355
"../../../Engine/Content/EngineMaterials/BaseFlattenNormalMap.uasset" 356
"../../../Engine/Content/EngineMaterials/BaseFlattenNormalMap.uexp" 357
"../../../Engine/Content/EngineMaterials/BaseFlattenGrayscaleMap.uasset" 358
"../../../Engine/Content/EngineMaterials/BaseFlattenGrayscaleMap.uexp" 359
"../../../Engine/Content/EngineMaterials/BaseFlattenDiffuseMap.uasset" 360
"../../../Engine/Content/EngineMaterials/BaseFlattenDiffuseMap.uexp" 361
"../../../Engine/Content/Functions/Engine_MaterialFunctions02/PivotPainter2/Black_1x1_EXR_Texture.uasset" 362
"../../../Engine/Content/Functions/Engine_MaterialFunctions02/PivotPainter2/Black_1x1_EXR_Texture.uexp" 363
"../../../Engine/Content/EngineMaterials/BaseFlattenEmissiveMap.uasset" 364
"../../../Engine/Content/EngineMaterials/BaseFlattenEmissiveMap.uexp" 365
"../../../Engine/Content/EngineMaterials/BaseFlattenLinearColor.uasset" 366
"../../../Engine/Content/EngineMaterials/BaseFlattenLinearColor.uexp" 367
"../../../Engine/Content/EngineMaterials/FlattenMaterial.uasset" 368
"../../../Engine/Content/EngineMaterials/FlattenMaterial.uexp" 369
"../../../Engine/Content/EngineMaterials/DefaultWhiteGrid_Low.uasset" 370
"../../../Engine/Content/EngineMaterials/DefaultWhiteGrid_Low.uexp" 371
"../../../Engine/Content/EngineMaterials/EmissiveMeshMaterial.uasset" 372
"../../../Engine/Content/EngineMaterials/EmissiveMeshMaterial.uexp" 373
"../../../Engine/Content/EngineMaterials/DefaultTextMaterialOpaque.uasset" 374
"../../../Engine/Content/EngineMaterials/DefaultTextMaterialOpaque.uexp" 375
"../../../Engine/Content/EngineMaterials/DefaultDiffuse.uasset" 376
"../../../Engine/Content/EngineMaterials/DefaultDiffuse.uexp" 377
"../../../Engine/Content/Functions/Engine_MaterialFunctions02/Utility/BreakOutFloat2Components.uasset" 378
"../../../Engine/Content/Functions/Engine_MaterialFunctions02/Utility/BreakOutFloat2Components.uexp" 379
"../../../Engine/Content/EngineMaterials/DefaultPostProcessMaterial.uasset" 380
"../../../Engine/Content/EngineMaterials/DefaultPostProcessMaterial.uexp" 381
"../../../Engine/Content/EngineMaterials/DefaultLightFunctionMaterial.uasset" 382
"../../../Engine/Content/EngineMaterials/DefaultLightFunctionMaterial.uexp" 383
"../../../Engine/Content/EngineMaterials/DefaultDestructiblePhysicalMaterial.uasset" 384
"../../../Engine/Content/EngineMaterials/DefaultDestructiblePhysicalMaterial.uexp" 385
"../../../Engine/Content/EngineMaterials/DefaultDeferredDecalMaterial.uasset" 386
"../../../Engine/Content/EngineMaterials/DefaultDeferredDecalMaterial.uexp" 387
"../../../Engine/Content/EngineMaterials/DefaultBloomKernel.uasset" 388
"../../../Engine/Content/EngineMaterials/DefaultBloomKernel.uexp" 389
"../../../Engine/Content/EngineFonts/Faces/RobotoLight.uexp" 390
"../../../Engine/Content/EngineFonts/Faces/RobotoLight.uasset" 391
"../../../Engine/Content/EngineFonts/Faces/RobotoLight.ufont" 392
"../../../Engine/Content/EngineFonts/Faces/RobotoBold.uexp" 393
"../../../Engine/Content/EngineFonts/Faces/RobotoBold.uasset" 394
"../../../Engine/Content/EngineFonts/Faces/RobotoBold.ufont" 395
"../../../Engine/Content/EngineFonts/Faces/RobotoRegular.uexp" 396
"../../../Engine/Content/EngineFonts/Faces/RobotoRegular.uasset" 397
"../../../Engine/Content/EngineFonts/Faces/RobotoRegular.ufont" 398
"../../../Engine/Content/EngineFonts/Faces/DroidSansFallback.uexp" 399
"../../../Engine/Content/EngineFonts/Faces/DroidSansFallback.uasset" 400
"../../../Engine/Content/EngineFonts/Faces/DroidSansFallback.ufont" 401
"../../../Engine/Content/EngineFonts/Faces/RobotoItalic.uexp" 402
"../../../Engine/Content/EngineFonts/Faces/RobotoItalic.uasset" 403
"../../../Engine/Content/EngineFonts/Faces/RobotoItalic.ufont" 404
"../../../Engine/Content/EngineFonts/Faces/RobotoBoldItalic.uexp" 405
"../../../Engine/Content/EngineFonts/Faces/RobotoBoldItalic.uasset" 406
"../../../Engine/Content/EngineFonts/Faces/RobotoBoldItalic.ufont" 407
"../../../Engine/Content/Functions/Engine_MaterialFunctions02/Utility/CameraDirectionVector.uasset" 408
"../../../Engine/Content/Functions/Engine_MaterialFunctions02/Utility/CameraDirectionVector.uexp" 409
"../../../Engine/Content/EngineDebugMaterials/VolumeToRender.uasset" 410
"../../../Engine/Content/EngineDebugMaterials/VolumeToRender.uexp" 411
"../../../Engine/Content/EngineDebugMaterials/M_VolumeRenderSphereTracePP.uasset" 412
"../../../Engine/Content/EngineDebugMaterials/M_VolumeRenderSphereTracePP.uexp" 413
"../../../Engine/Content/EngineDebugMaterials/M_SimpleUnlitTranslucent.uasset" 414
"../../../Engine/Content/EngineDebugMaterials/M_SimpleUnlitTranslucent.uexp" 415
"../../../Engine/Content/EngineDebugMaterials/DebugMeshMaterial.uasset" 416
"../../../Engine/Content/EngineDebugMaterials/DebugMeshMaterial.uexp" 417
"../../../Engine/Content/EngineDebugMaterials/DebugEditorMaterial.uasset" 418
"../../../Engine/Content/EngineDebugMaterials/DebugEditorMaterial.uexp" 419
"../../../Engine/Content/EngineDamageTypes/DmgTypeBP_Environmental.uasset" 420
"../../../Engine/Content/EngineDamageTypes/DmgTypeBP_Environmental.uexp" 421
"../../../Engine/Content/EditorResources/EmptyActor.uasset" 422
"../../../Engine/Content/EditorResources/EmptyActor.uexp" 423
"../../../Engine/Content/EditorResources/BSPVertex.uasset" 424
"../../../Engine/Content/EditorResources/BSPVertex.uexp" 425
"../../../Engine/Content/EditorMaterials/PreviewShadowIndicator.uasset" 426
"../../../Engine/Content/EditorMaterials/PreviewShadowIndicator.uexp" 427
"../../../Engine/Content/EditorMaterials/PreviewShadowIndicatorMaterial.uasset" 428
"../../../Engine/Content/EditorMaterials/PreviewShadowIndicatorMaterial.uexp" 429
"../../../Engine/Content/EditorMaterials/PhAT_UnselectedMaterial.uasset" 430
"../../../Engine/Content/EditorMaterials/PhAT_UnselectedMaterial.uexp" 431
"../../../Engine/Content/EditorMaterials/PhAT_NoCollisionMaterial.uasset" 432
"../../../Engine/Content/EditorMaterials/PhAT_NoCollisionMaterial.uexp" 433
"../../../Engine/Content/EditorLandscapeResources/DefaultAlphaTexture.uasset" 434
"../../../Engine/Content/EditorLandscapeResources/DefaultAlphaTexture.uexp" 435
"../../../Engine/Content/EditorLandscapeResources/DataLayer.uasset" 436
"../../../Engine/Content/EditorLandscapeResources/DataLayer.uexp" 437
"../../../Engine/Content/EngineMaterials/DefaultMaterial.uasset" 438
"../../../Engine/Content/EngineMaterials/DefaultMaterial.uexp" 439
"../../../Engine/Content/BasicShapes/Sphere.uasset" 440
"../../../Engine/Content/BasicShapes/Sphere.uexp" 441
"../../../Engine/Content/BasicShapes/Plane.uasset" 442
"../../../Engine/Content/BasicShapes/Plane.uexp" 443
"../../../Engine/Content/BasicShapes/Cylinder.uasset" 444
"../../../Engine/Content/BasicShapes/Cylinder.uexp" 445
"../../../Engine/Content/BasicShapes/Cone.uasset" 446
"../../../Engine/Content/BasicShapes/Cone.uexp" 447
"../../../Engine/Content/Animation/DefaultRecorderBoneCompression.uasset" 448
"../../../Engine/Content/Animation/DefaultRecorderBoneCompression.uexp" 449
"../../../Engine/Plugins/Experimental/Water/Content/Materials/WaterInfo/DrawWaterInfo.uasset" 450
"../../../Engine/Plugins/Experimental/Water/Content/Materials/WaterInfo/DrawWaterInfo.uexp" 451
"../../../Engine/Content/MobileResources/HUD/VirtualJoystick_Background.uasset" 452
"../../../Engine/Content/MobileResources/HUD/VirtualJoystick_Background.uexp" 453
"../../../Engine/Content/MobileResources/HUD/VirtualJoystick_Thumb.uasset" 454
"../../../Engine/Content/MobileResources/HUD/VirtualJoystick_Thumb.uexp" 455
"../../../Engine/Content/MobileResources/HUD/DefaultVirtualJoysticks.uasset" 456
"../../../Engine/Content/MobileResources/HUD/DefaultVirtualJoysticks.uexp" 457
"../../../Engine/Content/EngineSky/VolumetricClouds/CloudWeatherTexture.uasset" 458
"../../../Engine/Content/EngineSky/VolumetricClouds/CloudWeatherTexture.uexp" 459
"../../../Engine/Content/Functions/Engine_MaterialFunctions02/Utility/MakeFloat2.uasset" 460
"../../../Engine/Content/Functions/Engine_MaterialFunctions02/Utility/MakeFloat2.uexp" 461
"../../../Engine/Content/EngineSky/VolumetricClouds/CloudGradientTexture.uasset" 462
"../../../Engine/Content/EngineSky/VolumetricClouds/CloudGradientTexture.uexp" 463
"../../../Engine/Content/EngineSky/VolumetricClouds/T_NoiseShape64.uasset" 464
"../../../Engine/Content/EngineSky/VolumetricClouds/T_NoiseShape64.uexp" 465
"../../../Engine/Content/EngineSky/VolumetricClouds/T_VolumeNoiseShape64.uasset" 466
"../../../Engine/Content/EngineSky/VolumetricClouds/T_VolumeNoiseShape64.uexp" 467
"../../../Engine/Content/EngineSky/VolumetricClouds/T_NoiseErosion.uasset" 468
"../../../Engine/Content/EngineSky/VolumetricClouds/T_NoiseErosion.uexp" 469
"../../../Engine/Content/EngineSky/VolumetricClouds/T_VolumeNoiseErosion32.uasset" 470
"../../../Engine/Content/EngineSky/VolumetricClouds/T_VolumeNoiseErosion32.uexp" 471
"../../../Engine/Content/EngineSky/VolumetricClouds/m_SimpleVolumetricCloud.uasset" 472
"../../../Engine/Content/EngineSky/VolumetricClouds/m_SimpleVolumetricCloud.uexp" 473
"../../../Engine/Content/EngineSky/VolumetricClouds/m_SimpleVolumetricCloud_Inst.uasset" 474
"../../../Engine/Content/EngineSky/VolumetricClouds/m_SimpleVolumetricCloud_Inst.uexp" 475
"../../../Engine/Content/EngineResources/FilmGrains/Marcie_Grain_v3_128_M2_000.uasset" 476
"../../../Engine/Content/EngineResources/FilmGrains/Marcie_Grain_v3_128_M2_000.uexp" 477
"../../../Engine/Content/EditorResources/SequenceRecorder/RecordingIndicator.uasset" 478
"../../../Engine/Content/EditorResources/SequenceRecorder/RecordingIndicator.uexp" 479
"../../../Engine/Content/EditorResources/SequenceRecorder/Countdown.uasset" 480
"../../../Engine/Content/EditorResources/SequenceRecorder/Countdown.uexp" 481
"../../../Engine/Content/EditorResources/LightIcons/S_LightError.uasset" 482
"../../../Engine/Content/EditorResources/LightIcons/S_LightError.uexp" 483
"../../../Engine/Content/Functions/Engine_MaterialFunctions01/Shading/PowerToRoughness.uasset" 484
"../../../Engine/Content/Functions/Engine_MaterialFunctions01/Shading/PowerToRoughness.uexp" 485
"../../../Engine/Content/Functions/Engine_MaterialFunctions01/Shading/ConvertFromDiffSpec.uasset" 486
"../../../Engine/Content/Functions/Engine_MaterialFunctions01/Shading/ConvertFromDiffSpec.uexp" 487
"../../../Engine/Content/BasicShapes/Cube.uasset" 488
"../../../Engine/Content/BasicShapes/Cube.uexp" 489
"D:/ALLMYFAVORITES/Games/ChaserGame/Content/StarterContent/Materials/M_Basic_Wall.uasset" 490
"D:/ALLMYFAVORITES/Games/ChaserGame/Content/StarterContent/Materials/M_Basic_Wall.uexp" 491
"D:/ALLMYFAVORITES/Games/ChaserGame/Content/StarterContent/Architecture/Wall_Door_400x300.uasset" 492
"D:/ALLMYFAVORITES/Games/ChaserGame/Content/StarterContent/Architecture/Wall_Door_400x300.uexp" 493
"D:/ALLMYFAVORITES/Games/ChaserGame/Content/StarterContent/Textures/T_Wood_Pine_D.uasset" 494
"D:/ALLMYFAVORITES/Games/ChaserGame/Content/StarterContent/Textures/T_Wood_Pine_D.uexp" 495
"D:/ALLMYFAVORITES/Games/ChaserGame/Content/StarterContent/Textures/T_Wood_Pine_N.uasset" 496
"D:/ALLMYFAVORITES/Games/ChaserGame/Content/StarterContent/Textures/T_Wood_Pine_N.uexp" 497
"D:/ALLMYFAVORITES/Games/ChaserGame/Content/StarterContent/Textures/T_Perlin_Noise_M.uasset" 498
"D:/ALLMYFAVORITES/Games/ChaserGame/Content/StarterContent/Textures/T_Perlin_Noise_M.uexp" 499
"D:/ALLMYFAVORITES/Games/ChaserGame/Content/StarterContent/Textures/T_MacroVariation.uasset" 500
"D:/ALLMYFAVORITES/Games/ChaserGame/Content/StarterContent/Textures/T_MacroVariation.uexp" 501
"D:/ALLMYFAVORITES/Games/ChaserGame/Content/StarterContent/Materials/M_Wood_Pine.uasset" 502
"D:/ALLMYFAVORITES/Games/ChaserGame/Content/StarterContent/Materials/M_Wood_Pine.uexp" 503
"D:/ALLMYFAVORITES/Games/ChaserGame/Content/StarterContent/Textures/T_CobbleStone_Rough_D.uasset" 504
"D:/ALLMYFAVORITES/Games/ChaserGame/Content/StarterContent/Textures/T_CobbleStone_Rough_D.uexp" 505
"D:/ALLMYFAVORITES/Games/ChaserGame/Content/Chase/Materials/Masters/M_Color_Master.uasset" 506
"D:/ALLMYFAVORITES/Games/ChaserGame/Content/Chase/Materials/Masters/M_Color_Master.uexp" 507
"D:/ALLMYFAVORITES/Games/ChaserGame/Content/Chase/Materials/Colors/MI_Orange.uasset" 508
"D:/ALLMYFAVORITES/Games/ChaserGame/Content/Chase/Materials/Colors/MI_Orange.uexp" 509
"D:/ALLMYFAVORITES/Games/ChaserGame/Content/StarterContent/Architecture/Wall_400x400.uasset" 510
"D:/ALLMYFAVORITES/Games/ChaserGame/Content/StarterContent/Architecture/Wall_400x400.uexp" 511
"D:/ALLMYFAVORITES/Games/ChaserGame/Content/Maps/Chase_Terrain_BuiltData.uasset" 512
"D:/ALLMYFAVORITES/Games/ChaserGame/Content/Maps/Chase_Terrain_BuiltData.uexp" 513
"D:/ALLMYFAVORITES/Games/ChaserGame/Content/Chase/Materials/Colors/MI_Black.uasset" 514
"D:/ALLMYFAVORITES/Games/ChaserGame/Content/Chase/Materials/Colors/MI_Black.uexp" 515
"D:/ALLMYFAVORITES/Games/ChaserGame/Content/Chase/Materials/Colors/MI_Green.uasset" 516
"D:/ALLMYFAVORITES/Games/ChaserGame/Content/Chase/Materials/Colors/MI_Green.uexp" 517
"D:/ALLMYFAVORITES/Games/ChaserGame/Content/Chase/Materials/Colors/MI_Red.uasset" 518
"D:/ALLMYFAVORITES/Games/ChaserGame/Content/Chase/Materials/Colors/MI_Red.uexp" 519
"D:/ALLMYFAVORITES/Games/ChaserGame/Content/Chase/Materials/Colors/MI_White.uasset" 520
"D:/ALLMYFAVORITES/Games/ChaserGame/Content/Chase/Materials/Colors/MI_White.uexp" 521
"D:/ALLMYFAVORITES/Games/ChaserGame/Content/Chase/Materials/Colors/MI_Gray.uasset" 522
"D:/ALLMYFAVORITES/Games/ChaserGame/Content/Chase/Materials/Colors/MI_Gray.uexp" 523
"D:/ALLMYFAVORITES/Games/ChaserGame/Content/Fonts/Pangolin-Regular.uexp" 524
"D:/ALLMYFAVORITES/Games/ChaserGame/Content/Fonts/Pangolin-Regular.uasset" 525
"D:/ALLMYFAVORITES/Games/ChaserGame/Content/Fonts/Pangolin-Regular.ufont" 526
"../../../Engine/Content/EngineFonts/Faces/RobotoTiny.uexp" 527
"../../../Engine/Content/EngineFonts/Faces/RobotoTiny.uasset" 528
"../../../Engine/Content/EngineFonts/Faces/RobotoTiny.ufont" 529
"D:/ALLMYFAVORITES/Games/ChaserGame/Content/Chase/ColorMark/Enums/EColors.uasset" 530
"D:/ALLMYFAVORITES/Games/ChaserGame/Content/Chase/ColorMark/Enums/EColors.uexp" 531
"D:/ALLMYFAVORITES/Games/ChaserGame/Content/UI/WB_CurrentColor.uasset" 532
"D:/ALLMYFAVORITES/Games/ChaserGame/Content/UI/WB_CurrentColor.uexp" 533
"D:/ALLMYFAVORITES/Games/ChaserGame/Content/Blueprints/Input/Actions/IA_Forward.uasset" 534
"D:/ALLMYFAVORITES/Games/ChaserGame/Content/Blueprints/Input/Actions/IA_Forward.uexp" 535
"D:/ALLMYFAVORITES/Games/ChaserGame/Content/Chase/Chase_GameState.uasset" 536
"D:/ALLMYFAVORITES/Games/ChaserGame/Content/Chase/Chase_GameState.uexp" 537
"D:/ALLMYFAVORITES/Games/ChaserGame/Content/Characters/Ch20_nonPBR_Skeleton.uasset" 538
"D:/ALLMYFAVORITES/Games/ChaserGame/Content/Characters/Ch20_nonPBR_Skeleton.uexp" 539
"../../../Engine/Content/Animation/DefaultAnimCurveCompressionSettings.uasset" 540
"../../../Engine/Content/Animation/DefaultAnimCurveCompressionSettings.uexp" 541
"../../../Engine/Content/Animation/DefaultAnimBoneCompressionSettings.uasset" 542
"../../../Engine/Content/Animation/DefaultAnimBoneCompressionSettings.uexp" 543
"D:/ALLMYFAVORITES/Games/ChaserGame/Content/Characters/Animations/Running.uasset" 544
"D:/ALLMYFAVORITES/Games/ChaserGame/Content/Characters/Animations/Running.uexp" 545
"D:/ALLMYFAVORITES/Games/ChaserGame/Content/Characters/Animations/Standing_W_Briefcase_Idle.uasset" 546
"D:/ALLMYFAVORITES/Games/ChaserGame/Content/Characters/Animations/Standing_W_Briefcase_Idle.uexp" 547
"D:/ALLMYFAVORITES/Games/ChaserGame/Content/Characters/Animations/Jog_Forward.uasset" 548
"D:/ALLMYFAVORITES/Games/ChaserGame/Content/Characters/Animations/Jog_Forward.uexp" 549
"D:/ALLMYFAVORITES/Games/ChaserGame/Content/Characters/BS_PlayerPawn.uasset" 550
"D:/ALLMYFAVORITES/Games/ChaserGame/Content/Characters/BS_PlayerPawn.uexp" 551
"D:/ALLMYFAVORITES/Games/ChaserGame/Content/Characters/Animations/ANIM_Mark.uasset" 552
"D:/ALLMYFAVORITES/Games/ChaserGame/Content/Characters/Animations/ANIM_Mark.uexp" 553
"D:/ALLMYFAVORITES/Games/ChaserGame/Content/Characters/ABP_PlayerPawn.uasset" 554
"D:/ALLMYFAVORITES/Games/ChaserGame/Content/Characters/ABP_PlayerPawn.uexp" 555
"D:/ALLMYFAVORITES/Games/ChaserGame/Content/Characters/Ch20_nonPBR_PhysicsAsset.uasset" 556
"D:/ALLMYFAVORITES/Games/ChaserGame/Content/Characters/Ch20_nonPBR_PhysicsAsset.uexp" 557
"D:/ALLMYFAVORITES/Games/ChaserGame/Content/Characters/Textures/T_Racer_Specular.uasset" 558
"D:/ALLMYFAVORITES/Games/ChaserGame/Content/Characters/Textures/T_Racer_Specular.uexp" 559
"D:/ALLMYFAVORITES/Games/ChaserGame/Content/Characters/Textures/T_Racer_Diffuse.uasset" 560
"D:/ALLMYFAVORITES/Games/ChaserGame/Content/Characters/Textures/T_Racer_Diffuse.uexp" 561
"D:/ALLMYFAVORITES/Games/ChaserGame/Content/Characters/Textures/T_Racer_Normal.uasset" 562
"D:/ALLMYFAVORITES/Games/ChaserGame/Content/Characters/Textures/T_Racer_Normal.uexp" 563
"D:/ALLMYFAVORITES/Games/ChaserGame/Content/Characters/Textures/T_Racer_Glossiness.uasset" 564
"D:/ALLMYFAVORITES/Games/ChaserGame/Content/Characters/Textures/T_Racer_Glossiness.uexp" 565
"D:/ALLMYFAVORITES/Games/ChaserGame/Content/Characters/Materials/Masters/M_Racer_Master.uasset" 566
"D:/ALLMYFAVORITES/Games/ChaserGame/Content/Characters/Materials/Masters/M_Racer_Master.uexp" 567
"D:/ALLMYFAVORITES/Games/ChaserGame/Content/Characters/Materials/MI_Racer.uasset" 568
"D:/ALLMYFAVORITES/Games/ChaserGame/Content/Characters/Materials/MI_Racer.uexp" 569
"D:/ALLMYFAVORITES/Games/ChaserGame/Content/Characters/Ch20_nonPBR.uasset" 570
"D:/ALLMYFAVORITES/Games/ChaserGame/Content/Characters/Ch20_nonPBR.uexp" 571
"D:/ALLMYFAVORITES/Games/ChaserGame/Content/Blueprints/Input/Actions/IA_Right.uasset" 572
"D:/ALLMYFAVORITES/Games/ChaserGame/Content/Blueprints/Input/Actions/IA_Right.uexp" 573
"D:/ALLMYFAVORITES/Games/ChaserGame/Content/UI/WB_EndScreen.uasset" 574
"D:/ALLMYFAVORITES/Games/ChaserGame/Content/UI/WB_EndScreen.uexp" 575
"D:/ALLMYFAVORITES/Games/ChaserGame/Content/Blueprints/Input/Actions/IA_Tag.uasset" 576
"D:/ALLMYFAVORITES/Games/ChaserGame/Content/Blueprints/Input/Actions/IA_Tag.uexp" 577
"D:/ALLMYFAVORITES/Games/ChaserGame/Content/Blueprints/Input/Actions/IA_Left.uasset" 578
"D:/ALLMYFAVORITES/Games/ChaserGame/Content/Blueprints/Input/Actions/IA_Left.uexp" 579
"D:/ALLMYFAVORITES/Games/ChaserGame/Content/Blueprints/Input/Actions/IA_MouseX.uasset" 580
"D:/ALLMYFAVORITES/Games/ChaserGame/Content/Blueprints/Input/Actions/IA_MouseX.uexp" 581
"D:/ALLMYFAVORITES/Games/ChaserGame/Content/Blueprints/Input/Actions/IA_MouseY.uasset" 582
"D:/ALLMYFAVORITES/Games/ChaserGame/Content/Blueprints/Input/Actions/IA_MouseY.uexp" 583
"D:/ALLMYFAVORITES/Games/ChaserGame/Content/Blueprints/Input/Actions/IA_MarkTab.uasset" 584
"D:/ALLMYFAVORITES/Games/ChaserGame/Content/Blueprints/Input/Actions/IA_MarkTab.uexp" 585
"D:/ALLMYFAVORITES/Games/ChaserGame/Content/Blueprints/Input/Actions/IA_Mark.uasset" 586
"D:/ALLMYFAVORITES/Games/ChaserGame/Content/Blueprints/Input/Actions/IA_Mark.uexp" 587
"D:/ALLMYFAVORITES/Games/ChaserGame/Content/Blueprints/Input/Actions/IA_Backward.uasset" 588
"D:/ALLMYFAVORITES/Games/ChaserGame/Content/Blueprints/Input/Actions/IA_Backward.uexp" 589
"D:/ALLMYFAVORITES/Games/ChaserGame/Content/Blueprints/Input/Actions/IA_Sprint.uasset" 590
"D:/ALLMYFAVORITES/Games/ChaserGame/Content/Blueprints/Input/Actions/IA_Sprint.uexp" 591
"D:/ALLMYFAVORITES/Games/ChaserGame/Content/Blueprints/Input/IMC_PlayerPawn.uasset" 592
"D:/ALLMYFAVORITES/Games/ChaserGame/Content/Blueprints/Input/IMC_PlayerPawn.uexp" 593
"D:/ALLMYFAVORITES/Games/ChaserGame/Content/Chase/Chase_PlayerController.uasset" 594
"D:/ALLMYFAVORITES/Games/ChaserGame/Content/Chase/Chase_PlayerController.uexp" 595
"D:/ALLMYFAVORITES/Games/ChaserGame/Content/Chase/Chase_PlayerState.uasset" 596
"D:/ALLMYFAVORITES/Games/ChaserGame/Content/Chase/Chase_PlayerState.uexp" 597
"../../../Engine/Content/EditorBlueprintResources/StandardMacros.uasset" 598
"../../../Engine/Content/EditorBlueprintResources/StandardMacros.uexp" 599
"D:/ALLMYFAVORITES/Games/ChaserGame/Content/Chase/ColorMark/BPI/BPI_MarkCheck.uasset" 600
"D:/ALLMYFAVORITES/Games/ChaserGame/Content/Chase/ColorMark/BPI/BPI_MarkCheck.uexp" 601
"D:/ALLMYFAVORITES/Games/ChaserGame/Content/Chase/Chase_Spectator.uasset" 602
"D:/ALLMYFAVORITES/Games/ChaserGame/Content/Chase/Chase_Spectator.uexp" 603
"D:/ALLMYFAVORITES/Games/ChaserGame/Content/Chase/Chase_HUD.uasset" 604
"D:/ALLMYFAVORITES/Games/ChaserGame/Content/Chase/Chase_HUD.uexp" 605
"D:/ALLMYFAVORITES/Games/ChaserGame/Content/Chase/Chase_GameMode.uasset" 606
"D:/ALLMYFAVORITES/Games/ChaserGame/Content/Chase/Chase_GameMode.uexp" 607
"D:/ALLMYFAVORITES/Games/ChaserGame/Content/Chase/Chase_PlayerPawn.uasset" 608
"D:/ALLMYFAVORITES/Games/ChaserGame/Content/Chase/Chase_PlayerPawn.uexp" 609
"../../../Engine/Content/EngineMeshes/Cube.uasset" 610
"../../../Engine/Content/EngineMeshes/Cube.uexp" 611
"D:/ALLMYFAVORITES/Games/ChaserGame/Content/Chase/Materials/Colors/MI_Pink.uasset" 612
"D:/ALLMYFAVORITES/Games/ChaserGame/Content/Chase/Materials/Colors/MI_Pink.uexp" 613
"D:/ALLMYFAVORITES/Games/ChaserGame/Content/Chase/Materials/Colors/MI_Yellow.uasset" 614
"D:/ALLMYFAVORITES/Games/ChaserGame/Content/Chase/Materials/Colors/MI_Yellow.uexp" 615
"D:/ALLMYFAVORITES/Games/ChaserGame/Content/Chase/Materials/Colors/MI_Blue.uasset" 616
"D:/ALLMYFAVORITES/Games/ChaserGame/Content/Chase/Materials/Colors/MI_Blue.uexp" 617
"D:/ALLMYFAVORITES/Games/ChaserGame/Content/Chase/Materials/Colors/MI_Purple.uasset" 618
"D:/ALLMYFAVORITES/Games/ChaserGame/Content/Chase/Materials/Colors/MI_Purple.uexp" 619
"D:/ALLMYFAVORITES/Games/ChaserGame/Content/Chase/ColorMark/CM_Base.uasset" 620
"D:/ALLMYFAVORITES/Games/ChaserGame/Content/Chase/ColorMark/CM_Base.uexp" 621
"D:/ALLMYFAVORITES/Games/ChaserGame/Content/StarterContent/Textures/T_Frame_M.uasset" 622
"D:/ALLMYFAVORITES/Games/ChaserGame/Content/StarterContent/Textures/T_Frame_M.uexp" 623
"D:/ALLMYFAVORITES/Games/ChaserGame/Content/StarterContent/Textures/T_Frame_N.uasset" 624
"D:/ALLMYFAVORITES/Games/ChaserGame/Content/StarterContent/Textures/T_Frame_N.uexp" 625
"D:/ALLMYFAVORITES/Games/ChaserGame/Content/StarterContent/Props/Materials/M_Frame.uasset" 626
"D:/ALLMYFAVORITES/Games/ChaserGame/Content/StarterContent/Props/Materials/M_Frame.uexp" 627
"D:/ALLMYFAVORITES/Games/ChaserGame/Content/StarterContent/Props/SM_CornerFrame.uasset" 628
"D:/ALLMYFAVORITES/Games/ChaserGame/Content/StarterContent/Props/SM_CornerFrame.uexp" 629
"D:/ALLMYFAVORITES/Games/ChaserGame/Content/Chase/Props/BP_CornerFrame.uasset" 630
"D:/ALLMYFAVORITES/Games/ChaserGame/Content/Chase/Props/BP_CornerFrame.uexp" 631
"../../../Engine/Content/Functions/Engine_MaterialFunctions01/Opacity/AlphaOffset.uasset" 632
"../../../Engine/Content/Functions/Engine_MaterialFunctions01/Opacity/AlphaOffset.uexp" 633
"D:/ALLMYFAVORITES/Games/ChaserGame/Content/StarterContent/Textures/T_Wood_Floor_Walnut_M.uasset" 634
"D:/ALLMYFAVORITES/Games/ChaserGame/Content/StarterContent/Textures/T_Wood_Floor_Walnut_M.uexp" 635
"D:/ALLMYFAVORITES/Games/ChaserGame/Content/StarterContent/Textures/T_Wood_Floor_Walnut_D.uasset" 636
"D:/ALLMYFAVORITES/Games/ChaserGame/Content/StarterContent/Textures/T_Wood_Floor_Walnut_D.uexp" 637
"D:/ALLMYFAVORITES/Games/ChaserGame/Content/StarterContent/Textures/T_Wood_Floor_Walnut_N.uasset" 638
"D:/ALLMYFAVORITES/Games/ChaserGame/Content/StarterContent/Textures/T_Wood_Floor_Walnut_N.uexp" 639
"D:/ALLMYFAVORITES/Games/ChaserGame/Content/StarterContent/Materials/M_Wood_Floor_Walnut_Worn.uasset" 640
"D:/ALLMYFAVORITES/Games/ChaserGame/Content/StarterContent/Materials/M_Wood_Floor_Walnut_Worn.uexp" 641
"D:/ALLMYFAVORITES/Games/ChaserGame/Content/StarterContent/Textures/T_Lamp_N.uasset" 642
"D:/ALLMYFAVORITES/Games/ChaserGame/Content/StarterContent/Textures/T_Lamp_N.uexp" 643
"D:/ALLMYFAVORITES/Games/ChaserGame/Content/StarterContent/Textures/T_Lamp_M.uasset" 644
"D:/ALLMYFAVORITES/Games/ChaserGame/Content/StarterContent/Textures/T_Lamp_M.uexp" 645
"D:/ALLMYFAVORITES/Games/ChaserGame/Content/StarterContent/Props/Materials/M_Lamp.uasset" 646
"D:/ALLMYFAVORITES/Games/ChaserGame/Content/StarterContent/Props/Materials/M_Lamp.uexp" 647
"D:/ALLMYFAVORITES/Games/ChaserGame/Content/StarterContent/Props/SM_Lamp_Wall.uasset" 648
"D:/ALLMYFAVORITES/Games/ChaserGame/Content/StarterContent/Props/SM_Lamp_Wall.uexp" 649
"D:/ALLMYFAVORITES/Games/ChaserGame/Content/Chase/Props/BP_WallLamp.uasset" 650
"D:/ALLMYFAVORITES/Games/ChaserGame/Content/Chase/Props/BP_WallLamp.uexp" 651
"D:/ALLMYFAVORITES/Games/ChaserGame/Content/StarterContent/Textures/T_Chair_N.uasset" 652
"D:/ALLMYFAVORITES/Games/ChaserGame/Content/StarterContent/Textures/T_Chair_N.uexp" 653
"D:/ALLMYFAVORITES/Games/ChaserGame/Content/StarterContent/Textures/T_Chair_M.uasset" 654
"D:/ALLMYFAVORITES/Games/ChaserGame/Content/StarterContent/Textures/T_Chair_M.uexp" 655
"D:/ALLMYFAVORITES/Games/ChaserGame/Content/StarterContent/Props/Materials/M_Chair.uasset" 656
"D:/ALLMYFAVORITES/Games/ChaserGame/Content/StarterContent/Props/Materials/M_Chair.uexp" 657
"D:/ALLMYFAVORITES/Games/ChaserGame/Content/StarterContent/Props/SM_Couch.uasset" 658
"D:/ALLMYFAVORITES/Games/ChaserGame/Content/StarterContent/Props/SM_Couch.uexp" 659
"D:/ALLMYFAVORITES/Games/ChaserGame/Content/Chase/Props/BP_Couch.uasset" 660
"D:/ALLMYFAVORITES/Games/ChaserGame/Content/Chase/Props/BP_Couch.uexp" 661
"D:/ALLMYFAVORITES/Games/ChaserGame/Content/StarterContent/Props/SM_Chair.uasset" 662
"D:/ALLMYFAVORITES/Games/ChaserGame/Content/StarterContent/Props/SM_Chair.uexp" 663
"D:/ALLMYFAVORITES/Games/ChaserGame/Content/Chase/Props/BP_Chair.uasset" 664
"D:/ALLMYFAVORITES/Games/ChaserGame/Content/Chase/Props/BP_Chair.uexp" 665
"D:/ALLMYFAVORITES/Games/ChaserGame/Content/StarterContent/Textures/T_Wood_Walnut_N.uasset" 666
"D:/ALLMYFAVORITES/Games/ChaserGame/Content/StarterContent/Textures/T_Wood_Walnut_N.uexp" 667
"D:/ALLMYFAVORITES/Games/ChaserGame/Content/StarterContent/Textures/T_Wood_Walnut_D.uasset" 668
"D:/ALLMYFAVORITES/Games/ChaserGame/Content/StarterContent/Textures/T_Wood_Walnut_D.uexp" 669
"D:/ALLMYFAVORITES/Games/ChaserGame/Content/StarterContent/Materials/M_Wood_Walnut.uasset" 670
"D:/ALLMYFAVORITES/Games/ChaserGame/Content/StarterContent/Materials/M_Wood_Walnut.uexp" 671
"../../../Engine/Content/EngineMaterials/DefaultPhysicalMaterial.uasset" 672
"../../../Engine/Content/EngineMaterials/DefaultPhysicalMaterial.uexp" 673
"D:/ALLMYFAVORITES/Games/ChaserGame/Content/StarterContent/Textures/T_Brick_Cut_Stone_N.uasset" 674
"D:/ALLMYFAVORITES/Games/ChaserGame/Content/StarterContent/Textures/T_Brick_Cut_Stone_N.uexp" 675
"D:/ALLMYFAVORITES/Games/ChaserGame/Content/StarterContent/Textures/T_Brick_Cut_Stone_D.uasset" 676
"D:/ALLMYFAVORITES/Games/ChaserGame/Content/StarterContent/Textures/T_Brick_Cut_Stone_D.uexp" 677
"D:/ALLMYFAVORITES/Games/ChaserGame/Content/StarterContent/Materials/M_Brick_Cut_Stone.uasset" 678
"D:/ALLMYFAVORITES/Games/ChaserGame/Content/StarterContent/Materials/M_Brick_Cut_Stone.uexp" 679
"D:/ALLMYFAVORITES/Games/ChaserGame/Content/Chase/Props/BP_CeilingLight.uasset" 680
"D:/ALLMYFAVORITES/Games/ChaserGame/Content/Chase/Props/BP_CeilingLight.uexp" 681
"D:/ALLMYFAVORITES/Games/ChaserGame/Content/StarterContent/Textures/T_Shelf_N.uasset" 682
"D:/ALLMYFAVORITES/Games/ChaserGame/Content/StarterContent/Textures/T_Shelf_N.uexp" 683
"D:/ALLMYFAVORITES/Games/ChaserGame/Content/StarterContent/Textures/T_Shelf_M.uasset" 684
"D:/ALLMYFAVORITES/Games/ChaserGame/Content/StarterContent/Textures/T_Shelf_M.uexp" 685
"D:/ALLMYFAVORITES/Games/ChaserGame/Content/StarterContent/Props/Materials/M_Shelf.uasset" 686
"D:/ALLMYFAVORITES/Games/ChaserGame/Content/StarterContent/Props/Materials/M_Shelf.uexp" 687
"D:/ALLMYFAVORITES/Games/ChaserGame/Content/StarterContent/Props/SM_Shelf.uasset" 688
"D:/ALLMYFAVORITES/Games/ChaserGame/Content/StarterContent/Props/SM_Shelf.uexp" 689
"D:/ALLMYFAVORITES/Games/ChaserGame/Content/Chase/Props/BP_Shelf.uasset" 690
"D:/ALLMYFAVORITES/Games/ChaserGame/Content/Chase/Props/BP_Shelf.uexp" 691
"D:/ALLMYFAVORITES/Games/ChaserGame/Content/StarterContent/Materials/M_Wood_Floor_Walnut_Polished.uasset" 692
"D:/ALLMYFAVORITES/Games/ChaserGame/Content/StarterContent/Materials/M_Wood_Floor_Walnut_Polished.uexp" 693
"D:/ALLMYFAVORITES/Games/ChaserGame/Content/StarterContent/Textures/T_Wood_Oak_N.uasset" 694
"D:/ALLMYFAVORITES/Games/ChaserGame/Content/StarterContent/Textures/T_Wood_Oak_N.uexp" 695
"D:/ALLMYFAVORITES/Games/ChaserGame/Content/StarterContent/Textures/T_Wood_Oak_D.uasset" 696
"D:/ALLMYFAVORITES/Games/ChaserGame/Content/StarterContent/Textures/T_Wood_Oak_D.uexp" 697
"D:/ALLMYFAVORITES/Games/ChaserGame/Content/StarterContent/Materials/M_Wood_Oak.uasset" 698
"D:/ALLMYFAVORITES/Games/ChaserGame/Content/StarterContent/Materials/M_Wood_Oak.uexp" 699
"D:/ALLMYFAVORITES/Games/ChaserGame/Content/StarterContent/Props/SM_Lamp_Ceiling.uasset" 700
"D:/ALLMYFAVORITES/Games/ChaserGame/Content/StarterContent/Props/SM_Lamp_Ceiling.uexp" 701
"D:/ALLMYFAVORITES/Games/ChaserGame/Content/Chase/Props/BP_Lamp.uasset" 702
"D:/ALLMYFAVORITES/Games/ChaserGame/Content/Chase/Props/BP_Lamp.uexp" 703
"D:/ALLMYFAVORITES/Games/ChaserGame/Content/StarterContent/Textures/T_Ground_Grass_D.uasset" 704
"D:/ALLMYFAVORITES/Games/ChaserGame/Content/StarterContent/Textures/T_Ground_Grass_D.uexp" 705
"D:/ALLMYFAVORITES/Games/ChaserGame/Content/StarterContent/Textures/T_Ground_Grass_N.uasset" 706
"D:/ALLMYFAVORITES/Games/ChaserGame/Content/StarterContent/Textures/T_Ground_Grass_N.uexp" 707
"D:/ALLMYFAVORITES/Games/ChaserGame/Content/StarterContent/Materials/M_Ground_Grass.uasset" 708
"D:/ALLMYFAVORITES/Games/ChaserGame/Content/StarterContent/Materials/M_Ground_Grass.uexp" 709
"D:/ALLMYFAVORITES/Games/ChaserGame/Content/Chase/Props/BP_Countertop.uasset" 710
"D:/ALLMYFAVORITES/Games/ChaserGame/Content/Chase/Props/BP_Countertop.uexp" 711
"D:/ALLMYFAVORITES/Games/ChaserGame/Content/Maps/Chase_Terrain.uexp" 712
"D:/ALLMYFAVORITES/Games/ChaserGame/Content/Maps/Chase_Terrain.umap" 713
"D:/ALLMYFAVORITES/Games/ChaserGame/Content/Chase/MainMenu/MainMenuCamera.uasset" 714
"D:/ALLMYFAVORITES/Games/ChaserGame/Content/Chase/MainMenu/MainMenuCamera.uexp" 715
"D:/ALLMYFAVORITES/Games/ChaserGame/Content/UI/WB_MainMenu.uasset" 716
"D:/ALLMYFAVORITES/Games/ChaserGame/Content/UI/WB_MainMenu.uexp" 717
"D:/ALLMYFAVORITES/Games/ChaserGame/Content/Maps/Chase_MainMenu_BuiltData.uasset" 718
"D:/ALLMYFAVORITES/Games/ChaserGame/Content/Maps/Chase_MainMenu_BuiltData.uexp" 719
"../../../Engine/Content/BasicShapes/BasicShapeMaterial.uasset" 720
"../../../Engine/Content/BasicShapes/BasicShapeMaterial.uexp" 721
"D:/ALLMYFAVORITES/Games/ChaserGame/Content/Maps/Chase_MainMenu.uexp" 722
"D:/ALLMYFAVORITES/Games/ChaserGame/Content/Maps/Chase_MainMenu.umap" 723
"../../../Engine/Content/EngineSky/T_Sky_Stars.uasset" 724
"../../../Engine/Content/EngineSky/T_Sky_Stars.uexp" 725
"../../../Engine/Content/EngineSky/T_Sky_Clouds_M.uasset" 726
"../../../Engine/Content/EngineSky/T_Sky_Clouds_M.uexp" 727
"../../../Engine/Plugins/Experimental/Landmass/Content/Landscape/Textures/LS_Debug_RT_01.uasset" 728
"../../../Engine/Plugins/Experimental/Landmass/Content/Landscape/Textures/LS_Debug_RT_01.uexp" 729
"../../../Engine/Plugins/Experimental/Landmass/Content/Landscape/Mats/MPC/MPC_Erosion.uasset" 730
"../../../Engine/Plugins/Experimental/Landmass/Content/Landscape/Mats/MPC/MPC_Erosion.uexp" 731
"../../../Engine/Plugins/Experimental/Landmass/Content/DistanceFields/Materials/DetectEdges.uasset" 732
"../../../Engine/Plugins/Experimental/Landmass/Content/DistanceFields/Materials/DetectEdges.uexp" 733
"../../../Engine/Plugins/Experimental/Landmass/Content/Landscape/BlueprintBrushes/MPC/MPC_Landscape.uasset" 734
"../../../Engine/Plugins/Experimental/Landmass/Content/Landscape/BlueprintBrushes/MPC/MPC_Landscape.uexp" 735
"../../../Engine/Content/EngineResources/Black.uasset" 736
"../../../Engine/Content/EngineResources/Black.uexp" 737
"../../../Engine/Plugins/Experimental/Landmass/Content/DistanceFields/Materials/JumpFloodStep.uasset" 738
"../../../Engine/Plugins/Experimental/Landmass/Content/DistanceFields/Materials/JumpFloodStep.uexp" 739
"../../../Engine/Content/Functions/Engine_MaterialFunctions02/Utility/MakeFloat3.uasset" 740
"../../../Engine/Content/Functions/Engine_MaterialFunctions02/Utility/MakeFloat3.uexp" 741
"../../../Engine/Plugins/Experimental/Landmass/Content/DistanceFields/Materials/BlurEdges.uasset" 742
"../../../Engine/Plugins/Experimental/Landmass/Content/DistanceFields/Materials/BlurEdges.uexp" 743
"../../../Engine/Plugins/Experimental/Landmass/Content/DistanceFields/Blueprints/JumpFlood_Component2D.uasset" 744
"../../../Engine/Plugins/Experimental/Landmass/Content/DistanceFields/Blueprints/JumpFlood_Component2D.uexp" 745
"../../../Engine/Content/EngineSky/C_Sky_Horizon_Color.uasset" 746
"../../../Engine/Content/EngineSky/C_Sky_Horizon_Color.uexp" 747
"../../../Engine/Content/EngineSky/T_Sky_Blue.uasset" 748
"../../../Engine/Content/EngineSky/T_Sky_Blue.uexp" 749
"../../../Engine/Content/EngineSky/M_Sky_Panning_Clouds2.uasset" 750
"../../../Engine/Content/EngineSky/M_Sky_Panning_Clouds2.uexp" 751
"../../../Engine/Content/EngineSky/SM_SkySphere.uasset" 752
"../../../Engine/Content/EngineSky/SM_SkySphere.uexp" 753
"../../../Engine/Content/EngineSky/C_Sky_Cloud_Color.uasset" 754
"../../../Engine/Content/EngineSky/C_Sky_Cloud_Color.uexp" 755
"../../../Engine/Content/EngineSky/C_Sky_Zenith_Color.uasset" 756
"../../../Engine/Content/EngineSky/C_Sky_Zenith_Color.uexp" 757
"../../../Engine/Content/EngineSky/BP_Sky_Sphere.uasset" 758
"../../../Engine/Content/EngineSky/BP_Sky_Sphere.uexp" 759
"../../../Engine/Plugins/Experimental/Water/Content/FluidSimulation/Blueprints/Enums/FluidTerrainModes.uasset" 760
"../../../Engine/Plugins/Experimental/Water/Content/FluidSimulation/Blueprints/Enums/FluidTerrainModes.uexp" 761
"../../../Engine/Plugins/Experimental/Water/Content/Materials/MPC/MPC_Water.uasset" 762
"../../../Engine/Plugins/Experimental/Water/Content/Materials/MPC/MPC_Water.uexp" 763
"../../../Engine/Plugins/Experimental/Water/Content/FluidSimulation/Materials/Functions/PointSampleFluidSimUVs.uasset" 764
"../../../Engine/Plugins/Experimental/Water/Content/FluidSimulation/Materials/Functions/PointSampleFluidSimUVs.uexp" 765
"../../../Engine/Plugins/Experimental/Water/Content/FluidSimulation/Materials/Advect/M_GravAcceleration.uasset" 766
"../../../Engine/Plugins/Experimental/Water/Content/FluidSimulation/Materials/Advect/M_GravAcceleration.uexp" 767
"../../../Engine/Plugins/Experimental/Water/Content/FluidSimulation/Materials/Advect/M_Advect_Velocity.uasset" 768
"../../../Engine/Plugins/Experimental/Water/Content/FluidSimulation/Materials/Advect/M_Advect_Velocity.uexp" 769
"../../../Engine/Plugins/Experimental/Water/Content/FluidSimulation/Materials/Functions/Fluidsim_RenderTargetWorldPosition.uasset" 770
"../../../Engine/Plugins/Experimental/Water/Content/FluidSimulation/Materials/Functions/Fluidsim_RenderTargetWorldPosition.uexp" 771
"../../../Engine/Content/Functions/Engine_MaterialFunctions01/Texturing/ScaleUVsByCenter.uasset" 772
"../../../Engine/Content/Functions/Engine_MaterialFunctions01/Texturing/ScaleUVsByCenter.uexp" 773
"../../../Engine/Plugins/Experimental/Water/Content/Materials/Functions/HighQualityTextureFiltering.uasset" 774
"../../../Engine/Plugins/Experimental/Water/Content/Materials/Functions/HighQualityTextureFiltering.uexp" 775
"../../../Engine/Plugins/Experimental/Water/Content/Materials/Functions/WaterBodyData.uasset" 776
"../../../Engine/Plugins/Experimental/Water/Content/Materials/Functions/WaterBodyData.uexp" 777
"../../../Engine/Plugins/Experimental/Water/Content/FluidSimulation/WaveFoam/WaterDistanceField.uasset" 778
"../../../Engine/Plugins/Experimental/Water/Content/FluidSimulation/WaveFoam/WaterDistanceField.uexp" 779
"../../../Engine/Plugins/Experimental/Water/Content/FluidSimulation/Materials/Advect/M_Advect_Height_01.uasset" 780
"../../../Engine/Plugins/Experimental/Water/Content/FluidSimulation/Materials/Advect/M_Advect_Height_01.uexp" 781
"../../../Engine/Plugins/Experimental/Water/Content/FluidSimulation/Materials/Advect/M_Advect_Height_SceneCapture.uasset" 782
"../../../Engine/Plugins/Experimental/Water/Content/FluidSimulation/Materials/Advect/M_Advect_Height_SceneCapture.uexp" 783
"../../../Engine/Plugins/Experimental/Water/Content/FluidSimulation/Materials/Seed/M_SeedWater_01.uasset" 784
"../../../Engine/Plugins/Experimental/Water/Content/FluidSimulation/Materials/Seed/M_SeedWater_01.uexp" 785
"../../../Engine/Plugins/Experimental/Water/Content/FluidSimulation/Materials/Advect/M_CalcDivergence.uasset" 786
"../../../Engine/Plugins/Experimental/Water/Content/FluidSimulation/Materials/Advect/M_CalcDivergence.uexp" 787
"../../../Engine/Plugins/Experimental/Water/Content/FluidSimulation/Materials/Advect/M_Advect_Height_TerrainSystem.uasset" 788
"../../../Engine/Plugins/Experimental/Water/Content/FluidSimulation/Materials/Advect/M_Advect_Height_TerrainSystem.uexp" 789
"../../../Engine/Plugins/Experimental/Water/Content/FluidSimulation/Blueprints/Components/ShallowWaterSimComponent.uasset" 790
"../../../Engine/Plugins/Experimental/Water/Content/FluidSimulation/Blueprints/Components/ShallowWaterSimComponent.uexp" 791
"../../../Engine/Content/Functions/Engine_MaterialFunctions01/ImageAdjustment/BlurSampleOffsets.uasset" 792
"../../../Engine/Content/Functions/Engine_MaterialFunctions01/ImageAdjustment/BlurSampleOffsets.uexp" 793
"../../../Engine/Content/Functions/Engine_MaterialFunctions01/Gradient/BoxMask-2D.uasset" 794
"../../../Engine/Content/Functions/Engine_MaterialFunctions01/Gradient/BoxMask-2D.uexp" 795
"../../../Engine/Plugins/Experimental/Water/Content/FluidSimulation/WaveFoam/FoamDiffuse.uasset" 796
"../../../Engine/Plugins/Experimental/Water/Content/FluidSimulation/WaveFoam/FoamDiffuse.uexp" 797
"../../../Engine/Plugins/Experimental/Water/Content/FluidSimulation/WaveFoam/FoamRT.uasset" 798
"../../../Engine/Plugins/Experimental/Water/Content/FluidSimulation/WaveFoam/FoamRT.uexp" 799
"../../../Engine/Plugins/Experimental/Water/Content/Textures/DefaultWaveSpectrumRT.uasset" 800
"../../../Engine/Plugins/Experimental/Water/Content/Textures/DefaultWaveSpectrumRT.uexp" 801
"../../../Engine/Plugins/Experimental/Water/Content/Caustics/Materials/Functions/GetGerstnerWaves.uasset" 802
"../../../Engine/Plugins/Experimental/Water/Content/Caustics/Materials/Functions/GetGerstnerWaves.uexp" 803
"../../../Engine/Plugins/Experimental/Water/Content/Materials/Functions/GetWaterTime.uasset" 804
"../../../Engine/Plugins/Experimental/Water/Content/Materials/Functions/GetWaterTime.uexp" 805
"../../../Engine/Plugins/Experimental/Water/Content/FluidSimulation/WaveFoam/DrawWaveCrests.uasset" 806
"../../../Engine/Plugins/Experimental/Water/Content/FluidSimulation/WaveFoam/DrawWaveCrests.uexp" 807
"../../../Engine/Plugins/Experimental/Water/Content/FluidSimulation/WaveFoam/FoamDeltaCopy.uasset" 808
"../../../Engine/Plugins/Experimental/Water/Content/FluidSimulation/WaveFoam/FoamDeltaCopy.uexp" 809
"../../../Engine/Plugins/Experimental/Water/Content/FluidSimulation/Blueprints/Components/WaveFoamSimComponent.uasset" 810
"../../../Engine/Plugins/Experimental/Water/Content/FluidSimulation/Blueprints/Components/WaveFoamSimComponent.uexp" 811
"../../../Engine/Content/MapTemplates/SM_Template_Map_Floor.uasset" 812
"../../../Engine/Content/MapTemplates/SM_Template_Map_Floor.uexp" 813
"../../../Engine/Content/Functions/Engine_MaterialFunctions02/Math/TimeWithSpeedVariable.uasset" 814
"../../../Engine/Content/Functions/Engine_MaterialFunctions02/Math/TimeWithSpeedVariable.uexp" 815
"../../../Engine/Plugins/Experimental/Water/Content/FluidSimulation/Materials/Effects/M_Rain_01.uasset" 816
"../../../Engine/Plugins/Experimental/Water/Content/FluidSimulation/Materials/Effects/M_Rain_01.uexp" 817
"../../../Engine/Plugins/Experimental/Water/Content/FluidSimulation/Materials/Effects/M_Rain_01_Inst.uasset" 818
"../../../Engine/Plugins/Experimental/Water/Content/FluidSimulation/Materials/Effects/M_Rain_01_Inst.uexp" 819
"../../../Engine/Plugins/Experimental/Water/Content/FluidSimulation/Blueprints/Enums/FluidDynamicForceMeshType.uasset" 820
"../../../Engine/Plugins/Experimental/Water/Content/FluidSimulation/Blueprints/Enums/FluidDynamicForceMeshType.uexp" 821
"../../../Engine/Plugins/Experimental/Water/Content/FluidSimulation/Blueprints/Structs/FluidForceSocketInfo.uasset" 822
"../../../Engine/Plugins/Experimental/Water/Content/FluidSimulation/Blueprints/Structs/FluidForceSocketInfo.uexp" 823
"../../../Engine/Plugins/Experimental/Water/Content/FluidSimulation/Blueprints/Structs/FluidForceDynamic.uasset" 824
"../../../Engine/Plugins/Experimental/Water/Content/FluidSimulation/Blueprints/Structs/FluidForceDynamic.uexp" 825
"../../../Engine/Plugins/Experimental/Water/Content/FluidSimulation/Blueprints/Structs/FluidForceDynamicPerInstanceData.uasset" 826
"../../../Engine/Plugins/Experimental/Water/Content/FluidSimulation/Blueprints/Structs/FluidForceDynamicPerInstanceData.uexp" 827
"../../../Engine/Plugins/Experimental/Water/Content/FluidSimulation/Blueprints/Enums/FluidBoundary.uasset" 828
"../../../Engine/Plugins/Experimental/Water/Content/FluidSimulation/Blueprints/Enums/FluidBoundary.uexp" 829
"../../../Engine/Plugins/Experimental/Water/Content/FluidSimulation/Materials/Advect/M_ComputeNormal.uasset" 830
"../../../Engine/Plugins/Experimental/Water/Content/FluidSimulation/Materials/Advect/M_ComputeNormal.uexp" 831
"../../../Engine/Plugins/Experimental/Water/Content/FluidSimulation/Materials/Advect/M_ComputeNormal_SceneCapture.uasset" 832
"../../../Engine/Plugins/Experimental/Water/Content/FluidSimulation/Materials/Advect/M_ComputeNormal_SceneCapture.uexp" 833
"../../../Engine/Content/Functions/Engine_MaterialFunctions02/Utility/MakeFloat4.uasset" 834
"../../../Engine/Content/Functions/Engine_MaterialFunctions02/Utility/MakeFloat4.uexp" 835
"../../../Engine/Plugins/Experimental/Water/Content/FluidSimulation/Materials/Simulation/M_Fluid_Sim_01.uasset" 836
"../../../Engine/Plugins/Experimental/Water/Content/FluidSimulation/Materials/Simulation/M_Fluid_Sim_01.uexp" 837
"../../../Engine/Plugins/Experimental/Water/Content/FluidSimulation/Materials/Simulation/M_Fluid_Sim_01_NoTerrain.uasset" 838
"../../../Engine/Plugins/Experimental/Water/Content/FluidSimulation/Materials/Simulation/M_Fluid_Sim_01_NoTerrain.uexp" 839
"../../../Engine/Plugins/Experimental/Water/Content/FluidSimulation/Materials/Advect/M_ComputeNormal_TerrainSystem.uasset" 840
"../../../Engine/Plugins/Experimental/Water/Content/FluidSimulation/Materials/Advect/M_ComputeNormal_TerrainSystem.uexp" 841
"../../../Engine/Content/MaterialTemplates/Textures/T_Noise01.uasset" 842
"../../../Engine/Content/MaterialTemplates/Textures/T_Noise01.uexp" 843
"../../../Engine/Plugins/Experimental/Water/Content/FluidSimulation/Materials/Forces/M_Fluid_Sim_Force_Impulse.uasset" 844
"../../../Engine/Plugins/Experimental/Water/Content/FluidSimulation/Materials/Forces/M_Fluid_Sim_Force_Impulse.uexp" 845
"../../../Engine/Plugins/Experimental/Water/Content/FluidSimulation/Materials/Utility/CopyRT.uasset" 846
"../../../Engine/Plugins/Experimental/Water/Content/FluidSimulation/Materials/Utility/CopyRT.uexp" 847
"../../../Engine/Plugins/Experimental/Water/Content/FluidSimulation/Blueprints/Enums/FluidSimSolverMode.uasset" 848
"../../../Engine/Plugins/Experimental/Water/Content/FluidSimulation/Blueprints/Enums/FluidSimSolverMode.uexp" 849
"../../../Engine/Content/Functions/Engine_MaterialFunctions02/Utility/BlendAngleCorrectedNormals.uasset" 850
"../../../Engine/Content/Functions/Engine_MaterialFunctions02/Utility/BlendAngleCorrectedNormals.uexp" 851
"../../../Engine/Content/Functions/Engine_MaterialFunctions01/Texturing/FlattenNormal.uasset" 852
"../../../Engine/Content/Functions/Engine_MaterialFunctions01/Texturing/FlattenNormal.uexp" 853
"../../../Engine/Plugins/Experimental/Water/Content/FluidSimulation/Materials/M_Fluid_Display_01.uasset" 854
"../../../Engine/Plugins/Experimental/Water/Content/FluidSimulation/Materials/M_Fluid_Display_01.uexp" 855
"../../../Engine/Content/Functions/Engine_MaterialFunctions02/ExampleContent/Textures/LowResBlurredNoise.uasset" 856
"../../../Engine/Content/Functions/Engine_MaterialFunctions02/ExampleContent/Textures/LowResBlurredNoise.uexp" 857
"../../../Engine/Plugins/Experimental/Water/Content/FluidSimulation/Materials/Forces/M_Fluid_Sim_Force_Component.uasset" 858
"../../../Engine/Plugins/Experimental/Water/Content/FluidSimulation/Materials/Forces/M_Fluid_Sim_Force_Component.uexp" 859
"../../../Engine/Plugins/Experimental/Water/Content/FluidSimulation/Materials/Functions/WaveFoamSim_RenderTargetWorldPosition.uasset" 860
"../../../Engine/Plugins/Experimental/Water/Content/FluidSimulation/Materials/Functions/WaveFoamSim_RenderTargetWorldPosition.uexp" 861
"../../../Engine/Content/Functions/Engine_MaterialFunctions01/Texturing/PointSampledUVs.uasset" 862
"../../../Engine/Content/Functions/Engine_MaterialFunctions01/Texturing/PointSampledUVs.uexp" 863
"../../../Engine/Plugins/Experimental/Water/Content/FluidSimulation/Materials/Utility/ComputeVoronoiDistance.uasset" 864
"../../../Engine/Plugins/Experimental/Water/Content/FluidSimulation/Materials/Utility/ComputeVoronoiDistance.uexp" 865
"../../../Engine/Content/Functions/Engine_MaterialFunctions01/Gradient/LinearGradient.uasset" 866
"../../../Engine/Content/Functions/Engine_MaterialFunctions01/Gradient/LinearGradient.uexp" 867
"../../../Engine/Content/Functions/Engine_MaterialFunctions01/ImageAdjustment/CheapContrast.uasset" 868
"../../../Engine/Content/Functions/Engine_MaterialFunctions01/ImageAdjustment/CheapContrast.uexp" 869
"../../../Engine/Content/Functions/Engine_MaterialFunctions02/Texturing/HeightLerp.uasset" 870
"../../../Engine/Content/Functions/Engine_MaterialFunctions02/Texturing/HeightLerp.uexp" 871
"../../../Engine/Content/Functions/Engine_MaterialFunctions03/Procedurals/NormalFromHeightmap.uasset" 872
"../../../Engine/Content/Functions/Engine_MaterialFunctions03/Procedurals/NormalFromHeightmap.uexp" 873
"../../../Engine/Plugins/Experimental/Water/Content/Textures/Foam/T_WaterFlow_01_Foam_Tiled.uasset" 874
"../../../Engine/Plugins/Experimental/Water/Content/Textures/Foam/T_WaterFlow_01_Foam_Tiled.uexp" 875
"../../../Engine/Plugins/Experimental/Water/Content/Textures/Foam/T_WaterFlow_01_Foam_Tiled_N.uasset" 876
"../../../Engine/Plugins/Experimental/Water/Content/Textures/Foam/T_WaterFlow_01_Foam_Tiled_N.uexp" 877
"../../../Engine/Content/EngineSky/VolumetricClouds/T_NoiseShape.uasset" 878
"../../../Engine/Content/EngineSky/VolumetricClouds/T_NoiseShape.uexp" 879
"../../../Engine/Content/EngineSky/VolumetricClouds/T_VolumeNoiseShape128.uasset" 880
"../../../Engine/Content/EngineSky/VolumetricClouds/T_VolumeNoiseShape128.uexp" 881
"../../../Engine/Plugins/Experimental/Water/Content/Materials/Layers/BeachFoam.uasset" 882
"../../../Engine/Plugins/Experimental/Water/Content/Materials/Layers/BeachFoam.uexp" 883
"../../../Engine/Plugins/Experimental/Water/Content/Materials/Functions/WaterOpacityMaskFromDepth.uasset" 884
"../../../Engine/Plugins/Experimental/Water/Content/Materials/Functions/WaterOpacityMaskFromDepth.uexp" 885
"../../../Engine/Content/Functions/Engine_MaterialFunctions02/ExampleContent/Textures/water_d.uasset" 886
"../../../Engine/Content/Functions/Engine_MaterialFunctions02/ExampleContent/Textures/water_d.uexp" 887
"../../../Engine/Content/Functions/Engine_MaterialFunctions01/Coordinates/WorldPosition-XY.uasset" 888
"../../../Engine/Content/Functions/Engine_MaterialFunctions01/Coordinates/WorldPosition-XY.uexp" 889
"../../../Engine/Content/Functions/Engine_MaterialFunctions02/ExampleContent/Textures/water_n.uasset" 890
"../../../Engine/Content/Functions/Engine_MaterialFunctions02/ExampleContent/Textures/water_n.uexp" 891
"../../../Engine/Content/Functions/Engine_MaterialFunctions02/Math/Transform3x3Matrix.uasset" 892
"../../../Engine/Content/Functions/Engine_MaterialFunctions02/Math/Transform3x3Matrix.uexp" 893
"../../../Engine/Content/Functions/Engine_MaterialFunctions02/Math/MakeVectorsOrthogonal.uasset" 894
"../../../Engine/Content/Functions/Engine_MaterialFunctions02/Math/MakeVectorsOrthogonal.uexp" 895
"../../../Engine/Content/Functions/Engine_MaterialFunctions01/Texturing/ComputeMipLevel.uasset" 896
"../../../Engine/Content/Functions/Engine_MaterialFunctions01/Texturing/ComputeMipLevel.uexp" 897
"../../../Engine/Content/Functions/Engine_MaterialFunctions02/Math/AddComponents.uasset" 898
"../../../Engine/Content/Functions/Engine_MaterialFunctions02/Math/AddComponents.uexp" 899
"../../../Engine/Content/EngineMaterials/DefaultNormal.uasset" 900
"../../../Engine/Content/EngineMaterials/DefaultNormal.uexp" 901
"../../../Engine/Content/Functions/Engine_MaterialFunctions02/Utility/LinearSine.uasset" 902
"../../../Engine/Content/Functions/Engine_MaterialFunctions02/Utility/LinearSine.uexp" 903
"../../../Engine/Content/Functions/Engine_MaterialFunctions02/Texturing/Flowmaps.uasset" 904
"../../../Engine/Content/Functions/Engine_MaterialFunctions02/Texturing/Flowmaps.uexp" 905
"../../../Engine/Plugins/Experimental/Water/Content/Materials/Functions/WaterRiverFlowmaps.uasset" 906
"../../../Engine/Plugins/Experimental/Water/Content/Materials/Functions/WaterRiverFlowmaps.uexp" 907
"../../../Engine/Plugins/Experimental/Water/Content/Materials/Layers/WaterAttributes.uasset" 908
"../../../Engine/Plugins/Experimental/Water/Content/Materials/Layers/WaterAttributes.uexp" 909
"../../../Engine/Plugins/Experimental/Water/Content/Materials/Functions/Water_Underside.uasset" 910
"../../../Engine/Plugins/Experimental/Water/Content/Materials/Functions/Water_Underside.uexp" 911
"../../../Engine/Plugins/Experimental/Water/Content/Materials/Functions/ComputeWavesAttenuationFactor.uasset" 912
"../../../Engine/Plugins/Experimental/Water/Content/Materials/Functions/ComputeWavesAttenuationFactor.uexp" 913
"../../../Engine/Plugins/Experimental/Water/Content/Materials/Functions/WaveDepthFalloff_Overrides.uasset" 914
"../../../Engine/Plugins/Experimental/Water/Content/Materials/Functions/WaveDepthFalloff_Overrides.uexp" 915
"../../../Engine/Plugins/Experimental/Water/Content/Materials/Functions/ComputeGerstnerWaves.uasset" 916
"../../../Engine/Plugins/Experimental/Water/Content/Materials/Functions/ComputeGerstnerWaves.uexp" 917
"../../../Engine/Plugins/Experimental/Water/Content/FluidSimulation/Materials/Functions/Fluidsim_WorldPosition_to_UV.uasset" 918
"../../../Engine/Plugins/Experimental/Water/Content/FluidSimulation/Materials/Functions/Fluidsim_WorldPosition_to_UV.uexp" 919
"../../../Engine/Plugins/Experimental/Water/Content/Materials/Functions/SampleFluidSimulation.uasset" 920
"../../../Engine/Plugins/Experimental/Water/Content/Materials/Functions/SampleFluidSimulation.uexp" 921
"../../../Engine/Plugins/Experimental/Water/Content/Materials/Functions/WaterTextureWaves.uasset" 922
"../../../Engine/Plugins/Experimental/Water/Content/Materials/Functions/WaterTextureWaves.uexp" 923
"../../../Engine/Plugins/Experimental/Water/Content/Textures/Normals/T_Water_TilingNormal_With_Height_02_Softened.uasset" 924
"../../../Engine/Plugins/Experimental/Water/Content/Textures/Normals/T_Water_TilingNormal_With_Height_02_Softened.uexp" 925
"../../../Engine/Plugins/Experimental/Water/Content/Materials/Functions/WaterTextureSurface.uasset" 926
"../../../Engine/Plugins/Experimental/Water/Content/Materials/Functions/WaterTextureSurface.uexp" 927
"../../../Engine/Plugins/Experimental/Water/Content/Caustics/Materials/Functions/GetDistortionUV.uasset" 928
"../../../Engine/Plugins/Experimental/Water/Content/Caustics/Materials/Functions/GetDistortionUV.uexp" 929
"../../../Engine/Plugins/Experimental/Water/Content/Materials/Functions/WorldNormalBehindWater.uasset" 930
"../../../Engine/Plugins/Experimental/Water/Content/Materials/Functions/WorldNormalBehindWater.uexp" 931
"../../../Engine/Plugins/Experimental/Water/Content/Materials/Functions/WorldPositionBehindWater.uasset" 932
"../../../Engine/Plugins/Experimental/Water/Content/Materials/Functions/WorldPositionBehindWater.uexp" 933
"../../../Engine/Plugins/Experimental/Water/Content/Caustics/Materials/Functions/WaterCaustics_GerstnerWaves.uasset" 934
"../../../Engine/Plugins/Experimental/Water/Content/Caustics/Materials/Functions/WaterCaustics_GerstnerWaves.uexp" 935
"../../../Engine/Plugins/Experimental/Water/Content/Materials/Functions/SetWaveAttributes.uasset" 936
"../../../Engine/Plugins/Experimental/Water/Content/Materials/Functions/SetWaveAttributes.uexp" 937
"../../../Engine/Plugins/Experimental/Water/Content/Materials/Functions/WaterHeightMappingVS.uasset" 938
"../../../Engine/Plugins/Experimental/Water/Content/Materials/Functions/WaterHeightMappingVS.uexp" 939
"../../../Engine/Plugins/Experimental/Water/Content/Materials/Functions/WaveVelocityMask.uasset" 940
"../../../Engine/Plugins/Experimental/Water/Content/Materials/Functions/WaveVelocityMask.uexp" 941
"../../../Engine/Plugins/Experimental/Water/Content/Materials/Functions/WaterCoefficientMask.uasset" 942
"../../../Engine/Plugins/Experimental/Water/Content/Materials/Functions/WaterCoefficientMask.uexp" 943
"../../../Engine/Plugins/Experimental/Water/Content/Materials/WaterSurface/Water_Material.uasset" 944
"../../../Engine/Plugins/Experimental/Water/Content/Materials/WaterSurface/Water_Material.uexp" 945
"../../../Engine/Plugins/Experimental/Water/Content/Materials/WaterSurface/Water_Material_CustomMesh.uasset" 946
"../../../Engine/Plugins/Experimental/Water/Content/Materials/WaterSurface/Water_Material_CustomMesh.uexp" 947
"../../../Engine/Plugins/Experimental/Water/Content/Meshes/S_WaterPlane_256.uasset" 948
"../../../Engine/Plugins/Experimental/Water/Content/Meshes/S_WaterPlane_256.uexp" 949
"../../../Engine/Plugins/Experimental/Water/Content/FluidSimulation/Materials/Utility/MakeEdgeMask.uasset" 950
"../../../Engine/Plugins/Experimental/Water/Content/FluidSimulation/Materials/Utility/MakeEdgeMask.uexp" 951
"../../../Engine/Plugins/Experimental/Water/Content/FluidSimulation/Materials/Debug/PerfTestNoiseMaterial.uasset" 952
"../../../Engine/Plugins/Experimental/Water/Content/FluidSimulation/Materials/Debug/PerfTestNoiseMaterial.uexp" 953
"../../../Engine/Content/EditorBlueprintResources/ActorMacros.uasset" 954
"../../../Engine/Content/EditorBlueprintResources/ActorMacros.uexp" 955
"../../../Engine/Plugins/Experimental/Water/Content/FluidSimulation/Blueprints/Structs/FluidForceImpulseTimedEffects.uasset" 956
"../../../Engine/Plugins/Experimental/Water/Content/FluidSimulation/Blueprints/Structs/FluidForceImpulseTimedEffects.uexp" 957
"../../../Engine/Plugins/Experimental/Water/Content/FluidSimulation/Blueprints/Structs/FluidForceImpulse.uasset" 958
"../../../Engine/Plugins/Experimental/Water/Content/FluidSimulation/Blueprints/Structs/FluidForceImpulse.uexp" 959
"../../../Engine/Plugins/Experimental/Water/Content/FluidSimulation/Blueprints/Structs/FluidForceImpulsePerInstanceData.uasset" 960
"../../../Engine/Plugins/Experimental/Water/Content/FluidSimulation/Blueprints/Structs/FluidForceImpulsePerInstanceData.uexp" 961
"../../../Engine/Plugins/Experimental/Water/Content/Textures/Caustics/Caustics_Animated_01_HDR.uasset" 962
"../../../Engine/Plugins/Experimental/Water/Content/Textures/Caustics/Caustics_Animated_01_HDR.uexp" 963
"../../../Engine/Content/Functions/Engine_MaterialFunctions01/Volumetrics/BeersLaw.uasset" 964
"../../../Engine/Content/Functions/Engine_MaterialFunctions01/Volumetrics/BeersLaw.uexp" 965
"../../../Engine/Content/Functions/Engine_MaterialFunctions02/Texturing/WorldPositionWithScale.uasset" 966
"../../../Engine/Content/Functions/Engine_MaterialFunctions02/Texturing/WorldPositionWithScale.uexp" 967
"../../../Engine/Content/Functions/Engine_MaterialFunctions02/UVs/WorldPositionBehindTranslucency.uasset" 968
"../../../Engine/Content/Functions/Engine_MaterialFunctions02/UVs/WorldPositionBehindTranslucency.uexp" 969
"../../../Engine/Plugins/Experimental/Water/Content/FluidSimulation/Materials/Functions/MF_Simulation_Caustics_Test.uasset" 970
"../../../Engine/Plugins/Experimental/Water/Content/FluidSimulation/Materials/Functions/MF_Simulation_Caustics_Test.uexp" 971
"../../../Engine/Plugins/Experimental/Water/Content/FluidSimulation/Materials/M_Underwater_CrossSection_Test.uasset" 972
"../../../Engine/Plugins/Experimental/Water/Content/FluidSimulation/Materials/M_Underwater_CrossSection_Test.uexp" 973
"../../../Engine/Plugins/Experimental/Water/Content/FluidSimulation/Materials/Advect/M_ComputeNormal_TerrainDepthOnly.uasset" 974
"../../../Engine/Plugins/Experimental/Water/Content/FluidSimulation/Materials/Advect/M_ComputeNormal_TerrainDepthOnly.uexp" 975
"../../../Engine/Plugins/Experimental/Water/Content/FluidSimulation/Blueprints/Libraries/PhysicsMacros.uasset" 976
"../../../Engine/Plugins/Experimental/Water/Content/FluidSimulation/Blueprints/Libraries/PhysicsMacros.uexp" 977
"../../../Engine/Plugins/Experimental/Water/Content/FluidSimulation/Materials/Simulation/M_RT_Normals.uasset" 978
"../../../Engine/Plugins/Experimental/Water/Content/FluidSimulation/Materials/Simulation/M_RT_Normals.uexp" 979
"../../../Engine/Plugins/Experimental/Water/Content/FluidSimulation/Materials/Effects/SimForceCapsule.uasset" 980
"../../../Engine/Plugins/Experimental/Water/Content/FluidSimulation/Materials/Effects/SimForceCapsule.uexp" 981
"../../../Engine/Plugins/Experimental/Water/Content/FluidSimulation/Materials/Forces/M_Fluid_Force_Skelmesh.uasset" 982
"../../../Engine/Plugins/Experimental/Water/Content/FluidSimulation/Materials/Forces/M_Fluid_Force_Skelmesh.uexp" 983
"../../../Engine/Content/ArtTools/RenderToTexture/Enums/EIntTypes.uasset" 984
"../../../Engine/Content/ArtTools/RenderToTexture/Enums/EIntTypes.uexp" 985
"../../../Engine/Content/ArtTools/RenderToTexture/Macros/RenderToTextureFunctionLibrary.uasset" 986
"../../../Engine/Content/ArtTools/RenderToTexture/Macros/RenderToTextureFunctionLibrary.uexp" 987
"../../../Engine/Plugins/Experimental/Water/Content/FluidSimulation/Blueprints/BP_FluidSim_01.uasset" 988
"../../../Engine/Plugins/Experimental/Water/Content/FluidSimulation/Blueprints/BP_FluidSim_01.uexp" 989
"../../../Engine/Plugins/Experimental/Water/Content/FluidSimulation/Blueprints/Examples/BP_Fluid_Impulse_Repeating.uasset" 990
"../../../Engine/Plugins/Experimental/Water/Content/FluidSimulation/Blueprints/Examples/BP_Fluid_Impulse_Repeating.uexp" 991
"../../../Engine/Plugins/Experimental/Water/Content/FluidSimulation/WaterFluidSimtestShallow.uexp" 992
"../../../Engine/Plugins/Experimental/Water/Content/FluidSimulation/WaterFluidSimtestShallow.umap" 993
